[0.008s] Invoking command in '/home/olin/github/workspace_prova/build/turtlesim': CMAKE_PREFIX_PATH=/opt/ros/humble /usr/bin/cmake /home/olin/github/workspace_prova/src/ros_tutorials/turtlesim -DCMAKE_INSTALL_PREFIX=/home/olin/github/workspace_prova/install/turtlesim
[0.134s] -- The C compiler identification is GNU 11.4.0
[0.240s] -- The CXX compiler identification is GNU 11.4.0
[0.247s] -- Detecting C compiler ABI info
[0.313s] -- Detecting C compiler ABI info - done
[0.320s] -- Check for working C compiler: /usr/bin/cc - skipped
[0.320s] -- Detecting C compile features
[0.321s] -- Detecting C compile features - done
[0.324s] -- Detecting CXX compiler ABI info
[0.394s] -- Detecting CXX compiler ABI info - done
[0.399s] -- Check for working CXX compiler: /usr/bin/c++ - skipped
[0.399s] -- Detecting CXX compile features
[0.399s] -- Detecting CXX compile features - done
[0.402s] -- Found ament_cmake: 1.3.8 (/opt/ros/humble/share/ament_cmake/cmake)
[0.498s] -- Found Python3: /usr/bin/python3 (found version "3.10.12") found components: Interpreter 
[0.567s] -- Found ament_index_cpp: 1.4.0 (/opt/ros/humble/share/ament_index_cpp/cmake)
[0.569s] -- Found geometry_msgs: 4.2.3 (/opt/ros/humble/share/geometry_msgs/cmake)
[0.604s] -- Found rosidl_generator_c: 3.1.5 (/opt/ros/humble/share/rosidl_generator_c/cmake)
[0.608s] -- Found rosidl_adapter: 3.1.5 (/opt/ros/humble/share/rosidl_adapter/cmake)
[0.618s] -- Found rosidl_generator_cpp: 3.1.5 (/opt/ros/humble/share/rosidl_generator_cpp/cmake)
[0.632s] -- Using all available rosidl_typesupport_c: rosidl_typesupport_fastrtps_c;rosidl_typesupport_introspection_c
[0.650s] -- Using all available rosidl_typesupport_cpp: rosidl_typesupport_fastrtps_cpp;rosidl_typesupport_introspection_cpp
[0.751s] -- Found rclcpp: 16.0.8 (/opt/ros/humble/share/rclcpp/cmake)
[0.801s] -- Found rmw_implementation_cmake: 6.1.1 (/opt/ros/humble/share/rmw_implementation_cmake/cmake)
[0.803s] -- Found rmw_fastrtps_cpp: 6.2.6 (/opt/ros/humble/share/rmw_fastrtps_cpp/cmake)
[0.879s] -- Found OpenSSL: /usr/lib/x86_64-linux-gnu/libcrypto.so (found version "3.0.2")  
[0.900s] -- Found FastRTPS: /opt/ros/humble/include  
[0.930s] -- Using RMW implementation 'rmw_fastrtps_cpp' as default
[0.938s] -- Looking for pthread.h
[1.012s] -- Looking for pthread.h - found
[1.012s] -- Performing Test CMAKE_HAVE_LIBC_PTHREAD
[1.068s] -- Performing Test CMAKE_HAVE_LIBC_PTHREAD - Success
[1.069s] -- Found Threads: TRUE  
[1.166s] -- Found rclcpp_action: 16.0.8 (/opt/ros/humble/share/rclcpp_action/cmake)
[1.241s] -- Found rosidl_default_generators: 1.2.0 (/opt/ros/humble/share/rosidl_default_generators/cmake)
[1.249s] -- Found std_srvs: 4.2.3 (/opt/ros/humble/share/std_srvs/cmake)
[1.467s] -- Found ament_cmake_ros: 0.10.0 (/opt/ros/humble/share/ament_cmake_ros/cmake)
[1.676s] -- Using all available rosidl_typesupport_c: rosidl_typesupport_fastrtps_c;rosidl_typesupport_introspection_c
[1.764s] -- Using all available rosidl_typesupport_cpp: rosidl_typesupport_fastrtps_cpp;rosidl_typesupport_introspection_cpp
[1.780s] -- Found PythonInterp: /usr/bin/python3 (found suitable version "3.10.12", minimum required is "3.6") 
[1.781s] -- Found python_cmake_module: 0.10.0 (/opt/ros/humble/share/python_cmake_module/cmake)
[1.800s] -- Found PythonLibs: /usr/lib/x86_64-linux-gnu/libpython3.10.so (found suitable version "3.10.12", minimum required is "3.5") 
[1.800s] -- Using PYTHON_EXECUTABLE: /usr/bin/python3
[1.800s] -- Using PYTHON_INCLUDE_DIRS: /usr/include/python3.10
[1.800s] -- Using PYTHON_LIBRARIES: /usr/lib/x86_64-linux-gnu/libpython3.10.so
[1.815s] -- Found PythonExtra: .so  
[1.854s] -- Configuring done
[1.895s] -- Generating done
[1.897s] -- Build files have been written to: /home/olin/github/workspace_prova/build/turtlesim
[1.906s] Invoked command in '/home/olin/github/workspace_prova/build/turtlesim' returned '0': CMAKE_PREFIX_PATH=/opt/ros/humble /usr/bin/cmake /home/olin/github/workspace_prova/src/ros_tutorials/turtlesim -DCMAKE_INSTALL_PREFIX=/home/olin/github/workspace_prova/install/turtlesim
[1.908s] Invoking command in '/home/olin/github/workspace_prova/build/turtlesim': CMAKE_PREFIX_PATH=/opt/ros/humble /usr/bin/cmake --build /home/olin/github/workspace_prova/build/turtlesim -- -j8 -l8
[1.939s] [  1%] [34m[1mGenerating C code for ROS interfaces[0m
[1.946s] [  2%] [34m[1mGenerating C++ code for ROS interfaces[0m
[1.952s] [  2%] Built target ament_cmake_python_copy_turtlesim
[2.146s] running egg_info
[2.146s] creating turtlesim.egg-info
[2.146s] writing turtlesim.egg-info/PKG-INFO
[2.146s] writing dependency_links to turtlesim.egg-info/dependency_links.txt
[2.146s] writing top-level names to turtlesim.egg-info/top_level.txt
[2.146s] writing manifest file 'turtlesim.egg-info/SOURCES.txt'
[2.148s] reading manifest file 'turtlesim.egg-info/SOURCES.txt'
[2.149s] writing manifest file 'turtlesim.egg-info/SOURCES.txt'
[2.167s] [  2%] Built target ament_cmake_python_build_turtlesim_egg
[2.651s] [  2%] Built target turtlesim__cpp
[2.661s] [  3%] [34m[1mGenerating C++ type support dispatch for ROS interfaces[0m
[2.667s] [  4%] [34m[1mGenerating C++ type support for eProsima Fast-RTPS[0m
[2.668s] [  5%] [34m[1mGenerating C++ introspection for ROS interfaces[0m
[2.684s] [  8%] [32mBuilding C object CMakeFiles/turtlesim__rosidl_generator_c.dir/rosidl_generator_c/turtlesim/srv/detail/kill__functions.c.o[0m
[2.684s] [  8%] [32mBuilding C object CMakeFiles/turtlesim__rosidl_generator_c.dir/rosidl_generator_c/turtlesim/srv/detail/set_pen__functions.c.o[0m
[2.684s] [  9%] [32mBuilding C object CMakeFiles/turtlesim__rosidl_generator_c.dir/rosidl_generator_c/turtlesim/msg/detail/pose__functions.c.o[0m
[2.684s] [  9%] [32mBuilding C object CMakeFiles/turtlesim__rosidl_generator_c.dir/rosidl_generator_c/turtlesim/action/detail/rotate_absolute__functions.c.o[0m
[2.684s] [ 10%] [32mBuilding C object CMakeFiles/turtlesim__rosidl_generator_c.dir/rosidl_generator_c/turtlesim/msg/detail/color__functions.c.o[0m
[2.755s] [ 11%] [32mBuilding C object CMakeFiles/turtlesim__rosidl_generator_c.dir/rosidl_generator_c/turtlesim/srv/detail/spawn__functions.c.o[0m
[2.759s] [ 12%] [32mBuilding C object CMakeFiles/turtlesim__rosidl_generator_c.dir/rosidl_generator_c/turtlesim/srv/detail/teleport_absolute__functions.c.o[0m
[2.766s] [ 13%] [32mBuilding C object CMakeFiles/turtlesim__rosidl_generator_c.dir/rosidl_generator_c/turtlesim/srv/detail/teleport_relative__functions.c.o[0m
[2.833s] [ 14%] [32m[1mLinking C shared library libturtlesim__rosidl_generator_c.so[0m
[2.864s] [ 14%] Built target turtlesim__rosidl_generator_c
[2.873s] [ 15%] [34m[1mGenerating C type support for eProsima Fast-RTPS[0m
[2.875s] [ 17%] [34m[1mGenerating C type support dispatch for ROS interfaces[0m
[2.876s] [ 17%] [34m[1mGenerating C introspection for ROS interfaces[0m
[3.298s] [ 18%] [32mBuilding CXX object CMakeFiles/turtlesim__rosidl_typesupport_introspection_cpp.dir/rosidl_typesupport_introspection_cpp/turtlesim/msg/detail/color__type_support.cpp.o[0m
[3.298s] [ 19%] [32mBuilding CXX object CMakeFiles/turtlesim__rosidl_typesupport_introspection_cpp.dir/rosidl_typesupport_introspection_cpp/turtlesim/msg/detail/pose__type_support.cpp.o[0m
[3.299s] [ 20%] [32mBuilding CXX object CMakeFiles/turtlesim__rosidl_typesupport_introspection_cpp.dir/rosidl_typesupport_introspection_cpp/turtlesim/action/detail/rotate_absolute__type_support.cpp.o[0m
[3.434s] [ 21%] [32mBuilding CXX object CMakeFiles/turtlesim__rosidl_typesupport_cpp.dir/rosidl_typesupport_cpp/turtlesim/action/rotate_absolute__type_support.cpp.o[0m
[3.669s] [ 22%] [32mBuilding CXX object CMakeFiles/turtlesim__rosidl_typesupport_c.dir/rosidl_typesupport_c/turtlesim/action/rotate_absolute__type_support.cpp.o[0m
[3.740s] [ 23%] [32mBuilding CXX object CMakeFiles/turtlesim__rosidl_typesupport_c.dir/rosidl_typesupport_c/turtlesim/msg/color__type_support.cpp.o[0m
[3.775s] [ 24%] [32mBuilding CXX object CMakeFiles/turtlesim__rosidl_typesupport_c.dir/rosidl_typesupport_c/turtlesim/msg/pose__type_support.cpp.o[0m
[3.791s] [ 25%] [32mBuilding CXX object CMakeFiles/turtlesim__rosidl_typesupport_introspection_cpp.dir/rosidl_typesupport_introspection_cpp/turtlesim/srv/detail/kill__type_support.cpp.o[0m
[3.803s] [ 26%] [32mBuilding CXX object CMakeFiles/turtlesim__rosidl_typesupport_introspection_cpp.dir/rosidl_typesupport_introspection_cpp/turtlesim/srv/detail/set_pen__type_support.cpp.o[0m
[3.812s] [ 27%] [32mBuilding CXX object CMakeFiles/turtlesim__rosidl_typesupport_c.dir/rosidl_typesupport_c/turtlesim/srv/kill__type_support.cpp.o[0m
[3.849s] [ 28%] [32mBuilding CXX object CMakeFiles/turtlesim__rosidl_typesupport_c.dir/rosidl_typesupport_c/turtlesim/srv/set_pen__type_support.cpp.o[0m
[3.852s] [ 29%] [32mBuilding CXX object CMakeFiles/turtlesim__rosidl_typesupport_fastrtps_c.dir/rosidl_typesupport_fastrtps_c/turtlesim/action/detail/rotate_absolute__type_support_c.cpp.o[0m
[3.887s] [ 30%] [32mBuilding CXX object CMakeFiles/turtlesim__rosidl_typesupport_c.dir/rosidl_typesupport_c/turtlesim/srv/spawn__type_support.cpp.o[0m
[3.925s] [ 31%] [32mBuilding CXX object CMakeFiles/turtlesim__rosidl_typesupport_c.dir/rosidl_typesupport_c/turtlesim/srv/teleport_absolute__type_support.cpp.o[0m
[3.962s] [ 32%] [32mBuilding CXX object CMakeFiles/turtlesim__rosidl_typesupport_c.dir/rosidl_typesupport_c/turtlesim/srv/teleport_relative__type_support.cpp.o[0m
[3.969s] [ 33%] [32mBuilding CXX object CMakeFiles/turtlesim__rosidl_typesupport_fastrtps_cpp.dir/rosidl_typesupport_fastrtps_cpp/turtlesim/action/detail/dds_fastrtps/rotate_absolute__type_support.cpp.o[0m
[4.000s] [ 35%] [32mBuilding CXX object CMakeFiles/turtlesim__rosidl_typesupport_cpp.dir/rosidl_typesupport_cpp/turtlesim/msg/color__type_support.cpp.o[0m
[4.001s] [ 35%] [32m[1mLinking CXX shared library libturtlesim__rosidl_typesupport_c.so[0m
[4.057s] [ 35%] Built target turtlesim__rosidl_typesupport_c
[4.068s] [ 36%] [32mBuilding CXX object CMakeFiles/turtlesim__rosidl_typesupport_cpp.dir/rosidl_typesupport_cpp/turtlesim/msg/pose__type_support.cpp.o[0m
[4.077s] [ 37%] [32mBuilding CXX object CMakeFiles/turtlesim__rosidl_typesupport_introspection_cpp.dir/rosidl_typesupport_introspection_cpp/turtlesim/srv/detail/spawn__type_support.cpp.o[0m
[4.085s] [ 38%] [32mBuilding C object CMakeFiles/turtlesim__rosidl_typesupport_introspection_c.dir/rosidl_typesupport_introspection_c/turtlesim/action/detail/rotate_absolute__type_support.c.o[0m
[4.154s] [ 39%] [32mBuilding C object CMakeFiles/turtlesim__rosidl_typesupport_introspection_c.dir/rosidl_typesupport_introspection_c/turtlesim/msg/detail/color__type_support.c.o[0m
[4.201s] [ 40%] [32mBuilding C object CMakeFiles/turtlesim__rosidl_typesupport_introspection_c.dir/rosidl_typesupport_introspection_c/turtlesim/msg/detail/pose__type_support.c.o[0m
[4.232s] [ 41%] [32mBuilding CXX object CMakeFiles/turtlesim__rosidl_typesupport_introspection_cpp.dir/rosidl_typesupport_introspection_cpp/turtlesim/srv/detail/teleport_absolute__type_support.cpp.o[0m
[4.245s] [ 42%] [32mBuilding C object CMakeFiles/turtlesim__rosidl_typesupport_introspection_c.dir/rosidl_typesupport_introspection_c/turtlesim/srv/detail/kill__type_support.c.o[0m
[4.258s] [ 43%] [32mBuilding CXX object CMakeFiles/turtlesim__rosidl_typesupport_introspection_cpp.dir/rosidl_typesupport_introspection_cpp/turtlesim/srv/detail/teleport_relative__type_support.cpp.o[0m
[4.308s] [ 44%] [32mBuilding C object CMakeFiles/turtlesim__rosidl_typesupport_introspection_c.dir/rosidl_typesupport_introspection_c/turtlesim/srv/detail/set_pen__type_support.c.o[0m
[4.318s] [ 45%] [32mBuilding C object CMakeFiles/turtlesim__rosidl_typesupport_introspection_c.dir/rosidl_typesupport_introspection_c/turtlesim/srv/detail/spawn__type_support.c.o[0m
[4.352s] [ 46%] [32mBuilding CXX object CMakeFiles/turtlesim__rosidl_typesupport_fastrtps_cpp.dir/rosidl_typesupport_fastrtps_cpp/turtlesim/msg/detail/dds_fastrtps/color__type_support.cpp.o[0m
[4.362s] [ 47%] [32mBuilding CXX object CMakeFiles/turtlesim__rosidl_typesupport_fastrtps_c.dir/rosidl_typesupport_fastrtps_c/turtlesim/msg/detail/color__type_support_c.cpp.o[0m
[4.365s] [ 48%] [32mBuilding C object CMakeFiles/turtlesim__rosidl_typesupport_introspection_c.dir/rosidl_typesupport_introspection_c/turtlesim/srv/detail/teleport_absolute__type_support.c.o[0m
[4.408s] [ 49%] [32mBuilding C object CMakeFiles/turtlesim__rosidl_typesupport_introspection_c.dir/rosidl_typesupport_introspection_c/turtlesim/srv/detail/teleport_relative__type_support.c.o[0m
[4.411s] [ 50%] [32mBuilding CXX object CMakeFiles/turtlesim__rosidl_typesupport_cpp.dir/rosidl_typesupport_cpp/turtlesim/srv/kill__type_support.cpp.o[0m
[4.454s] [ 51%] [32m[1mLinking C shared library libturtlesim__rosidl_typesupport_introspection_c.so[0m
[4.495s] [ 51%] Built target turtlesim__rosidl_typesupport_introspection_c
[4.506s] [ 52%] [32mBuilding CXX object CMakeFiles/turtlesim__rosidl_typesupport_cpp.dir/rosidl_typesupport_cpp/turtlesim/srv/set_pen__type_support.cpp.o[0m
[4.556s] [ 53%] [32mBuilding CXX object CMakeFiles/turtlesim__rosidl_typesupport_cpp.dir/rosidl_typesupport_cpp/turtlesim/srv/spawn__type_support.cpp.o[0m
[4.684s] [ 54%] [32mBuilding CXX object CMakeFiles/turtlesim__rosidl_typesupport_fastrtps_cpp.dir/rosidl_typesupport_fastrtps_cpp/turtlesim/msg/detail/dds_fastrtps/pose__type_support.cpp.o[0m
[4.710s] [ 55%] [32mBuilding CXX object CMakeFiles/turtlesim__rosidl_typesupport_fastrtps_cpp.dir/rosidl_typesupport_fastrtps_cpp/turtlesim/srv/detail/dds_fastrtps/kill__type_support.cpp.o[0m
[4.740s] [ 56%] [32m[1mLinking CXX shared library libturtlesim__rosidl_typesupport_introspection_cpp.so[0m
[4.786s] [ 57%] [32mBuilding CXX object CMakeFiles/turtlesim__rosidl_typesupport_fastrtps_c.dir/rosidl_typesupport_fastrtps_c/turtlesim/msg/detail/pose__type_support_c.cpp.o[0m
[4.795s] [ 58%] [32mBuilding CXX object CMakeFiles/turtlesim__rosidl_typesupport_fastrtps_c.dir/rosidl_typesupport_fastrtps_c/turtlesim/srv/detail/kill__type_support_c.cpp.o[0m
[4.816s] [ 59%] [32mBuilding CXX object CMakeFiles/turtlesim__rosidl_typesupport_fastrtps_cpp.dir/rosidl_typesupport_fastrtps_cpp/turtlesim/srv/detail/dds_fastrtps/set_pen__type_support.cpp.o[0m
[4.839s] [ 60%] [32mBuilding CXX object CMakeFiles/turtlesim__rosidl_typesupport_cpp.dir/rosidl_typesupport_cpp/turtlesim/srv/teleport_absolute__type_support.cpp.o[0m
[4.866s] [ 60%] Built target turtlesim__rosidl_typesupport_introspection_cpp
[4.879s] [ 62%] [32mBuilding CXX object CMakeFiles/turtlesim__rosidl_typesupport_cpp.dir/rosidl_typesupport_cpp/turtlesim/srv/teleport_relative__type_support.cpp.o[0m
[4.879s] [ 62%] [32mBuilding CXX object CMakeFiles/turtlesim__rosidl_typesupport_fastrtps_cpp.dir/rosidl_typesupport_fastrtps_cpp/turtlesim/srv/detail/dds_fastrtps/spawn__type_support.cpp.o[0m
[5.165s] [ 63%] [32mBuilding CXX object CMakeFiles/turtlesim__rosidl_typesupport_fastrtps_cpp.dir/rosidl_typesupport_fastrtps_cpp/turtlesim/srv/detail/dds_fastrtps/teleport_absolute__type_support.cpp.o[0m
[5.166s] [ 64%] [32mBuilding CXX object CMakeFiles/turtlesim__rosidl_typesupport_fastrtps_cpp.dir/rosidl_typesupport_fastrtps_cpp/turtlesim/srv/detail/dds_fastrtps/teleport_relative__type_support.cpp.o[0m
[5.200s] [ 65%] [32m[1mLinking CXX shared library libturtlesim__rosidl_typesupport_cpp.so[0m
[5.201s] [ 66%] [32mBuilding CXX object CMakeFiles/turtlesim__rosidl_typesupport_fastrtps_c.dir/rosidl_typesupport_fastrtps_c/turtlesim/srv/detail/set_pen__type_support_c.cpp.o[0m
[5.204s] [ 67%] [32mBuilding CXX object CMakeFiles/turtlesim__rosidl_typesupport_fastrtps_c.dir/rosidl_typesupport_fastrtps_c/turtlesim/srv/detail/spawn__type_support_c.cpp.o[0m
[5.229s] [ 68%] [32mBuilding CXX object CMakeFiles/turtlesim__rosidl_typesupport_fastrtps_c.dir/rosidl_typesupport_fastrtps_c/turtlesim/srv/detail/teleport_absolute__type_support_c.cpp.o[0m
[5.255s] [ 68%] Built target turtlesim__rosidl_typesupport_cpp
[5.265s] [ 69%] [32mBuilding CXX object CMakeFiles/turtlesim__rosidl_typesupport_fastrtps_c.dir/rosidl_typesupport_fastrtps_c/turtlesim/srv/detail/teleport_relative__type_support_c.cpp.o[0m
[5.353s] [ 70%] [34m[1mGenerating include/turtlesim/moc_turtle_frame.cpp[0m
[5.453s] [ 71%] [32mBuilding CXX object CMakeFiles/turtle_teleop_key.dir/tutorials/teleop_turtle_key.cpp.o[0m
[5.493s] [ 72%] [32mBuilding CXX object CMakeFiles/turtlesim_node.dir/src/turtlesim.cpp.o[0m
[5.593s] [ 73%] [32mBuilding CXX object CMakeFiles/turtlesim_node.dir/src/turtle.cpp.o[0m
[5.631s] [ 74%] [32mBuilding CXX object CMakeFiles/turtlesim_node.dir/src/turtle_frame.cpp.o[0m
[5.652s] [ 75%] [32mBuilding CXX object CMakeFiles/turtlesim_node.dir/include/turtlesim/moc_turtle_frame.cpp.o[0m
[5.680s] [ 76%] [32mBuilding CXX object CMakeFiles/draw_square.dir/tutorials/draw_square.cpp.o[0m
[5.682s] [ 77%] [32m[1mLinking CXX shared library libturtlesim__rosidl_typesupport_fastrtps_cpp.so[0m
[5.686s] [ 78%] [32m[1mLinking CXX shared library libturtlesim__rosidl_typesupport_fastrtps_c.so[0m
[5.783s] [ 78%] Built target turtlesim__rosidl_typesupport_fastrtps_c
[5.786s] [ 78%] Built target turtlesim__rosidl_typesupport_fastrtps_cpp
[5.806s] [ 79%] [32mBuilding CXX object CMakeFiles/mimic.dir/tutorials/mimic.cpp.o[0m
[5.811s] [ 79%] Built target turtlesim
[5.839s] [ 80%] [34m[1mGenerating Python code for ROS interfaces[0m
[9.171s] [ 80%] Built target turtlesim__py
[9.198s] [ 81%] [32mBuilding C object CMakeFiles/turtlesim__rosidl_generator_py.dir/rosidl_generator_py/turtlesim/action/_rotate_absolute_s.c.o[0m
[9.486s] [ 82%] [32mBuilding C object CMakeFiles/turtlesim__rosidl_generator_py.dir/rosidl_generator_py/turtlesim/msg/_color_s.c.o[0m
[9.612s] [ 83%] [32mBuilding C object CMakeFiles/turtlesim__rosidl_generator_py.dir/rosidl_generator_py/turtlesim/msg/_pose_s.c.o[0m
[9.753s] [ 84%] [32mBuilding C object CMakeFiles/turtlesim__rosidl_generator_py.dir/rosidl_generator_py/turtlesim/srv/_kill_s.c.o[0m
[9.887s] [ 85%] [32mBuilding C object CMakeFiles/turtlesim__rosidl_generator_py.dir/rosidl_generator_py/turtlesim/srv/_set_pen_s.c.o[0m
[10.047s] [ 86%] [32mBuilding C object CMakeFiles/turtlesim__rosidl_generator_py.dir/rosidl_generator_py/turtlesim/srv/_spawn_s.c.o[0m
[10.205s] [ 87%] [32mBuilding C object CMakeFiles/turtlesim__rosidl_generator_py.dir/rosidl_generator_py/turtlesim/srv/_teleport_absolute_s.c.o[0m
[10.353s] [ 88%] [32mBuilding C object CMakeFiles/turtlesim__rosidl_generator_py.dir/rosidl_generator_py/turtlesim/srv/_teleport_relative_s.c.o[0m
[10.541s] [ 89%] [32m[1mLinking C shared library rosidl_generator_py/turtlesim/libturtlesim__rosidl_generator_py.so[0m
[10.612s] [ 89%] Built target turtlesim__rosidl_generator_py
[10.643s] [ 90%] [32mBuilding C object CMakeFiles/turtlesim__rosidl_typesupport_fastrtps_c__pyext.dir/rosidl_generator_py/turtlesim/_turtlesim_s.ep.rosidl_typesupport_fastrtps_c.c.o[0m
[10.885s] [ 91%] [32m[1mLinking C shared library rosidl_generator_py/turtlesim/turtlesim_s__rosidl_typesupport_fastrtps_c.cpython-310-x86_64-linux-gnu.so[0m
[10.944s] [ 91%] Built target turtlesim__rosidl_typesupport_fastrtps_c__pyext
[10.969s] [ 92%] [32mBuilding C object CMakeFiles/turtlesim__rosidl_typesupport_introspection_c__pyext.dir/rosidl_generator_py/turtlesim/_turtlesim_s.ep.rosidl_typesupport_introspection_c.c.o[0m
[11.170s] [ 93%] [32mBuilding C object CMakeFiles/turtlesim__rosidl_typesupport_c__pyext.dir/rosidl_generator_py/turtlesim/_turtlesim_s.ep.rosidl_typesupport_c.c.o[0m
[11.220s] [ 94%] [32m[1mLinking C shared library rosidl_generator_py/turtlesim/turtlesim_s__rosidl_typesupport_introspection_c.cpython-310-x86_64-linux-gnu.so[0m
[11.271s] [ 94%] Built target turtlesim__rosidl_typesupport_introspection_c__pyext
[11.327s] [ 95%] [32m[1mLinking C shared library rosidl_generator_py/turtlesim/turtlesim_s__rosidl_typesupport_c.cpython-310-x86_64-linux-gnu.so[0m
[11.356s] [ 95%] Built target turtlesim__rosidl_typesupport_c__pyext
[12.949s] [ 96%] [32m[1mLinking CXX executable turtle_teleop_key[0m
[13.294s] [ 96%] Built target turtle_teleop_key
[15.090s] [ 97%] [32m[1mLinking CXX executable mimic[0m
[15.429s] [ 97%] Built target mimic
[15.520s] [ 98%] [32m[1mLinking CXX executable draw_square[0m
[15.887s] [ 98%] Built target draw_square
[17.683s] [100%] [32m[1mLinking CXX executable turtlesim_node[0m
[19.318s] [100%] Built target turtlesim_node
[19.326s] Invoked command in '/home/olin/github/workspace_prova/build/turtlesim' returned '0': CMAKE_PREFIX_PATH=/opt/ros/humble /usr/bin/cmake --build /home/olin/github/workspace_prova/build/turtlesim -- -j8 -l8
[19.458s] Invoking command in '/home/olin/github/workspace_prova/build/turtlesim': CMAKE_PREFIX_PATH=/opt/ros/humble /usr/bin/cmake --install /home/olin/github/workspace_prova/build/turtlesim
[19.464s] -- Install configuration: ""
[19.464s] -- Installing: /home/olin/github/workspace_prova/install/turtlesim/share/ament_index/resource_index/rosidl_interfaces/turtlesim
[19.464s] -- Installing: /home/olin/github/workspace_prova/install/turtlesim/include/turtlesim/turtlesim
[19.464s] -- Installing: /home/olin/github/workspace_prova/install/turtlesim/include/turtlesim/turtlesim/msg
[19.464s] -- Installing: /home/olin/github/workspace_prova/install/turtlesim/include/turtlesim/turtlesim/msg/pose.h
[19.464s] -- Installing: /home/olin/github/workspace_prova/install/turtlesim/include/turtlesim/turtlesim/msg/rosidl_generator_c__visibility_control.h
[19.464s] -- Installing: /home/olin/github/workspace_prova/install/turtlesim/include/turtlesim/turtlesim/msg/color.h
[19.464s] -- Installing: /home/olin/github/workspace_prova/install/turtlesim/include/turtlesim/turtlesim/msg/detail
[19.465s] -- Installing: /home/olin/github/workspace_prova/install/turtlesim/include/turtlesim/turtlesim/msg/detail/pose__functions.h
[19.465s] -- Installing: /home/olin/github/workspace_prova/install/turtlesim/include/turtlesim/turtlesim/msg/detail/pose__functions.c
[19.465s] -- Installing: /home/olin/github/workspace_prova/install/turtlesim/include/turtlesim/turtlesim/msg/detail/color__functions.h
[19.465s] -- Installing: /home/olin/github/workspace_prova/install/turtlesim/include/turtlesim/turtlesim/msg/detail/pose__struct.h
[19.465s] -- Installing: /home/olin/github/workspace_prova/install/turtlesim/include/turtlesim/turtlesim/msg/detail/pose__type_support.h
[19.465s] -- Installing: /home/olin/github/workspace_prova/install/turtlesim/include/turtlesim/turtlesim/msg/detail/color__struct.h
[19.465s] -- Installing: /home/olin/github/workspace_prova/install/turtlesim/include/turtlesim/turtlesim/msg/detail/color__functions.c
[19.465s] -- Installing: /home/olin/github/workspace_prova/install/turtlesim/include/turtlesim/turtlesim/msg/detail/color__type_support.h
[19.465s] -- Installing: /home/olin/github/workspace_prova/install/turtlesim/include/turtlesim/turtlesim/action
[19.465s] -- Installing: /home/olin/github/workspace_prova/install/turtlesim/include/turtlesim/turtlesim/action/rotate_absolute.h
[19.465s] -- Installing: /home/olin/github/workspace_prova/install/turtlesim/include/turtlesim/turtlesim/action/detail
[19.465s] -- Installing: /home/olin/github/workspace_prova/install/turtlesim/include/turtlesim/turtlesim/action/detail/rotate_absolute__type_support.h
[19.465s] -- Installing: /home/olin/github/workspace_prova/install/turtlesim/include/turtlesim/turtlesim/action/detail/rotate_absolute__functions.c
[19.465s] -- Installing: /home/olin/github/workspace_prova/install/turtlesim/include/turtlesim/turtlesim/action/detail/rotate_absolute__functions.h
[19.465s] -- Installing: /home/olin/github/workspace_prova/install/turtlesim/include/turtlesim/turtlesim/action/detail/rotate_absolute__struct.h
[19.465s] -- Installing: /home/olin/github/workspace_prova/install/turtlesim/include/turtlesim/turtlesim/srv
[19.465s] -- Installing: /home/olin/github/workspace_prova/install/turtlesim/include/turtlesim/turtlesim/srv/teleport_relative.h
[19.465s] -- Installing: /home/olin/github/workspace_prova/install/turtlesim/include/turtlesim/turtlesim/srv/kill.h
[19.465s] -- Installing: /home/olin/github/workspace_prova/install/turtlesim/include/turtlesim/turtlesim/srv/spawn.h
[19.465s] -- Installing: /home/olin/github/workspace_prova/install/turtlesim/include/turtlesim/turtlesim/srv/set_pen.h
[19.465s] -- Installing: /home/olin/github/workspace_prova/install/turtlesim/include/turtlesim/turtlesim/srv/teleport_absolute.h
[19.466s] -- Installing: /home/olin/github/workspace_prova/install/turtlesim/include/turtlesim/turtlesim/srv/detail
[19.466s] -- Installing: /home/olin/github/workspace_prova/install/turtlesim/include/turtlesim/turtlesim/srv/detail/kill__functions.h
[19.466s] -- Installing: /home/olin/github/workspace_prova/install/turtlesim/include/turtlesim/turtlesim/srv/detail/spawn__struct.h
[19.466s] -- Installing: /home/olin/github/workspace_prova/install/turtlesim/include/turtlesim/turtlesim/srv/detail/spawn__functions.c
[19.466s] -- Installing: /home/olin/github/workspace_prova/install/turtlesim/include/turtlesim/turtlesim/srv/detail/kill__functions.c
[19.466s] -- Installing: /home/olin/github/workspace_prova/install/turtlesim/include/turtlesim/turtlesim/srv/detail/teleport_absolute__struct.h
[19.466s] -- Installing: /home/olin/github/workspace_prova/install/turtlesim/include/turtlesim/turtlesim/srv/detail/spawn__functions.h
[19.466s] -- Installing: /home/olin/github/workspace_prova/install/turtlesim/include/turtlesim/turtlesim/srv/detail/set_pen__functions.h
[19.466s] -- Installing: /home/olin/github/workspace_prova/install/turtlesim/include/turtlesim/turtlesim/srv/detail/teleport_relative__functions.c
[19.466s] -- Installing: /home/olin/github/workspace_prova/install/turtlesim/include/turtlesim/turtlesim/srv/detail/teleport_absolute__type_support.h
[19.466s] -- Installing: /home/olin/github/workspace_prova/install/turtlesim/include/turtlesim/turtlesim/srv/detail/teleport_absolute__functions.c
[19.466s] -- Installing: /home/olin/github/workspace_prova/install/turtlesim/include/turtlesim/turtlesim/srv/detail/spawn__type_support.h
[19.466s] -- Installing: /home/olin/github/workspace_prova/install/turtlesim/include/turtlesim/turtlesim/srv/detail/set_pen__type_support.h
[19.466s] -- Installing: /home/olin/github/workspace_prova/install/turtlesim/include/turtlesim/turtlesim/srv/detail/set_pen__struct.h
[19.466s] -- Installing: /home/olin/github/workspace_prova/install/turtlesim/include/turtlesim/turtlesim/srv/detail/set_pen__functions.c
[19.466s] -- Installing: /home/olin/github/workspace_prova/install/turtlesim/include/turtlesim/turtlesim/srv/detail/teleport_relative__functions.h
[19.466s] -- Installing: /home/olin/github/workspace_prova/install/turtlesim/include/turtlesim/turtlesim/srv/detail/kill__struct.h
[19.466s] -- Installing: /home/olin/github/workspace_prova/install/turtlesim/include/turtlesim/turtlesim/srv/detail/teleport_relative__struct.h
[19.466s] -- Installing: /home/olin/github/workspace_prova/install/turtlesim/include/turtlesim/turtlesim/srv/detail/teleport_relative__type_support.h
[19.466s] -- Installing: /home/olin/github/workspace_prova/install/turtlesim/include/turtlesim/turtlesim/srv/detail/teleport_absolute__functions.h
[19.466s] -- Installing: /home/olin/github/workspace_prova/install/turtlesim/include/turtlesim/turtlesim/srv/detail/kill__type_support.h
[19.466s] -- Installing: /home/olin/github/workspace_prova/install/turtlesim/share/turtlesim/environment/library_path.sh
[19.467s] -- Installing: /home/olin/github/workspace_prova/install/turtlesim/share/turtlesim/environment/library_path.dsv
[19.467s] -- Installing: /home/olin/github/workspace_prova/install/turtlesim/lib/libturtlesim__rosidl_generator_c.so
[19.467s] -- Set runtime path of "/home/olin/github/workspace_prova/install/turtlesim/lib/libturtlesim__rosidl_generator_c.so" to ""
[19.467s] -- Up-to-date: /home/olin/github/workspace_prova/install/turtlesim/include/turtlesim/turtlesim
[19.467s] -- Up-to-date: /home/olin/github/workspace_prova/install/turtlesim/include/turtlesim/turtlesim/msg
[19.467s] -- Installing: /home/olin/github/workspace_prova/install/turtlesim/include/turtlesim/turtlesim/msg/rosidl_typesupport_fastrtps_c__visibility_control.h
[19.467s] -- Up-to-date: /home/olin/github/workspace_prova/install/turtlesim/include/turtlesim/turtlesim/msg/detail
[19.467s] -- Installing: /home/olin/github/workspace_prova/install/turtlesim/include/turtlesim/turtlesim/msg/detail/color__rosidl_typesupport_fastrtps_c.h
[19.467s] -- Installing: /home/olin/github/workspace_prova/install/turtlesim/include/turtlesim/turtlesim/msg/detail/pose__rosidl_typesupport_fastrtps_c.h
[19.467s] -- Up-to-date: /home/olin/github/workspace_prova/install/turtlesim/include/turtlesim/turtlesim/action
[19.467s] -- Up-to-date: /home/olin/github/workspace_prova/install/turtlesim/include/turtlesim/turtlesim/action/detail
[19.467s] -- Installing: /home/olin/github/workspace_prova/install/turtlesim/include/turtlesim/turtlesim/action/detail/rotate_absolute__rosidl_typesupport_fastrtps_c.h
[19.467s] -- Up-to-date: /home/olin/github/workspace_prova/install/turtlesim/include/turtlesim/turtlesim/srv
[19.468s] -- Up-to-date: /home/olin/github/workspace_prova/install/turtlesim/include/turtlesim/turtlesim/srv/detail
[19.468s] -- Installing: /home/olin/github/workspace_prova/install/turtlesim/include/turtlesim/turtlesim/srv/detail/teleport_absolute__rosidl_typesupport_fastrtps_c.h
[19.468s] -- Installing: /home/olin/github/workspace_prova/install/turtlesim/include/turtlesim/turtlesim/srv/detail/teleport_relative__rosidl_typesupport_fastrtps_c.h
[19.468s] -- Installing: /home/olin/github/workspace_prova/install/turtlesim/include/turtlesim/turtlesim/srv/detail/kill__rosidl_typesupport_fastrtps_c.h
[19.468s] -- Installing: /home/olin/github/workspace_prova/install/turtlesim/include/turtlesim/turtlesim/srv/detail/spawn__rosidl_typesupport_fastrtps_c.h
[19.468s] -- Installing: /home/olin/github/workspace_prova/install/turtlesim/include/turtlesim/turtlesim/srv/detail/set_pen__rosidl_typesupport_fastrtps_c.h
[19.468s] -- Installing: /home/olin/github/workspace_prova/install/turtlesim/lib/libturtlesim__rosidl_typesupport_fastrtps_c.so
[19.468s] -- Set runtime path of "/home/olin/github/workspace_prova/install/turtlesim/lib/libturtlesim__rosidl_typesupport_fastrtps_c.so" to ""
[19.468s] -- Up-to-date: /home/olin/github/workspace_prova/install/turtlesim/include/turtlesim/turtlesim
[19.468s] -- Up-to-date: /home/olin/github/workspace_prova/install/turtlesim/include/turtlesim/turtlesim/msg
[19.468s] -- Installing: /home/olin/github/workspace_prova/install/turtlesim/include/turtlesim/turtlesim/msg/color.hpp
[19.468s] -- Installing: /home/olin/github/workspace_prova/install/turtlesim/include/turtlesim/turtlesim/msg/pose.hpp
[19.468s] -- Up-to-date: /home/olin/github/workspace_prova/install/turtlesim/include/turtlesim/turtlesim/msg/detail
[19.468s] -- Installing: /home/olin/github/workspace_prova/install/turtlesim/include/turtlesim/turtlesim/msg/detail/color__builder.hpp
[19.468s] -- Installing: /home/olin/github/workspace_prova/install/turtlesim/include/turtlesim/turtlesim/msg/detail/color__traits.hpp
[19.468s] -- Installing: /home/olin/github/workspace_prova/install/turtlesim/include/turtlesim/turtlesim/msg/detail/pose__builder.hpp
[19.468s] -- Installing: /home/olin/github/workspace_prova/install/turtlesim/include/turtlesim/turtlesim/msg/detail/color__struct.hpp
[19.468s] -- Installing: /home/olin/github/workspace_prova/install/turtlesim/include/turtlesim/turtlesim/msg/detail/pose__struct.hpp
[19.468s] -- Installing: /home/olin/github/workspace_prova/install/turtlesim/include/turtlesim/turtlesim/msg/detail/pose__traits.hpp
[19.468s] -- Up-to-date: /home/olin/github/workspace_prova/install/turtlesim/include/turtlesim/turtlesim/action
[19.468s] -- Installing: /home/olin/github/workspace_prova/install/turtlesim/include/turtlesim/turtlesim/action/rotate_absolute.hpp
[19.468s] -- Up-to-date: /home/olin/github/workspace_prova/install/turtlesim/include/turtlesim/turtlesim/action/detail
[19.469s] -- Installing: /home/olin/github/workspace_prova/install/turtlesim/include/turtlesim/turtlesim/action/detail/rotate_absolute__struct.hpp
[19.469s] -- Installing: /home/olin/github/workspace_prova/install/turtlesim/include/turtlesim/turtlesim/action/detail/rotate_absolute__traits.hpp
[19.469s] -- Installing: /home/olin/github/workspace_prova/install/turtlesim/include/turtlesim/turtlesim/action/detail/rotate_absolute__builder.hpp
[19.469s] -- Up-to-date: /home/olin/github/workspace_prova/install/turtlesim/include/turtlesim/turtlesim/srv
[19.469s] -- Installing: /home/olin/github/workspace_prova/install/turtlesim/include/turtlesim/turtlesim/srv/teleport_absolute.hpp
[19.469s] -- Installing: /home/olin/github/workspace_prova/install/turtlesim/include/turtlesim/turtlesim/srv/set_pen.hpp
[19.469s] -- Installing: /home/olin/github/workspace_prova/install/turtlesim/include/turtlesim/turtlesim/srv/spawn.hpp
[19.469s] -- Installing: /home/olin/github/workspace_prova/install/turtlesim/include/turtlesim/turtlesim/srv/teleport_relative.hpp
[19.469s] -- Up-to-date: /home/olin/github/workspace_prova/install/turtlesim/include/turtlesim/turtlesim/srv/detail
[19.469s] -- Installing: /home/olin/github/workspace_prova/install/turtlesim/include/turtlesim/turtlesim/srv/detail/teleport_absolute__traits.hpp
[19.469s] -- Installing: /home/olin/github/workspace_prova/install/turtlesim/include/turtlesim/turtlesim/srv/detail/kill__traits.hpp
[19.469s] -- Installing: /home/olin/github/workspace_prova/install/turtlesim/include/turtlesim/turtlesim/srv/detail/teleport_absolute__builder.hpp
[19.469s] -- Installing: /home/olin/github/workspace_prova/install/turtlesim/include/turtlesim/turtlesim/srv/detail/teleport_absolute__struct.hpp
[19.469s] -- Installing: /home/olin/github/workspace_prova/install/turtlesim/include/turtlesim/turtlesim/srv/detail/set_pen__builder.hpp
[19.469s] -- Installing: /home/olin/github/workspace_prova/install/turtlesim/include/turtlesim/turtlesim/srv/detail/spawn__builder.hpp
[19.469s] -- Installing: /home/olin/github/workspace_prova/install/turtlesim/include/turtlesim/turtlesim/srv/detail/set_pen__struct.hpp
[19.469s] -- Installing: /home/olin/github/workspace_prova/install/turtlesim/include/turtlesim/turtlesim/srv/detail/kill__struct.hpp
[19.469s] -- Installing: /home/olin/github/workspace_prova/install/turtlesim/include/turtlesim/turtlesim/srv/detail/teleport_relative__traits.hpp
[19.469s] -- Installing: /home/olin/github/workspace_prova/install/turtlesim/include/turtlesim/turtlesim/srv/detail/teleport_relative__struct.hpp
[19.469s] -- Installing: /home/olin/github/workspace_prova/install/turtlesim/include/turtlesim/turtlesim/srv/detail/teleport_relative__builder.hpp
[19.469s] -- Installing: /home/olin/github/workspace_prova/install/turtlesim/include/turtlesim/turtlesim/srv/detail/set_pen__traits.hpp
[19.469s] -- Installing: /home/olin/github/workspace_prova/install/turtlesim/include/turtlesim/turtlesim/srv/detail/spawn__traits.hpp
[19.469s] -- Installing: /home/olin/github/workspace_prova/install/turtlesim/include/turtlesim/turtlesim/srv/detail/spawn__struct.hpp
[19.470s] -- Installing: /home/olin/github/workspace_prova/install/turtlesim/include/turtlesim/turtlesim/srv/detail/kill__builder.hpp
[19.470s] -- Installing: /home/olin/github/workspace_prova/install/turtlesim/include/turtlesim/turtlesim/srv/kill.hpp
[19.470s] -- Up-to-date: /home/olin/github/workspace_prova/install/turtlesim/include/turtlesim/turtlesim
[19.470s] -- Up-to-date: /home/olin/github/workspace_prova/install/turtlesim/include/turtlesim/turtlesim/msg
[19.470s] -- Installing: /home/olin/github/workspace_prova/install/turtlesim/include/turtlesim/turtlesim/msg/rosidl_typesupport_fastrtps_cpp__visibility_control.h
[19.470s] -- Up-to-date: /home/olin/github/workspace_prova/install/turtlesim/include/turtlesim/turtlesim/msg/detail
[19.470s] -- Installing: /home/olin/github/workspace_prova/install/turtlesim/include/turtlesim/turtlesim/msg/detail/color__rosidl_typesupport_fastrtps_cpp.hpp
[19.470s] -- Installing: /home/olin/github/workspace_prova/install/turtlesim/include/turtlesim/turtlesim/msg/detail/pose__rosidl_typesupport_fastrtps_cpp.hpp
[19.470s] -- Installing: /home/olin/github/workspace_prova/install/turtlesim/include/turtlesim/turtlesim/msg/detail/dds_fastrtps
[19.470s] -- Up-to-date: /home/olin/github/workspace_prova/install/turtlesim/include/turtlesim/turtlesim/action
[19.470s] -- Up-to-date: /home/olin/github/workspace_prova/install/turtlesim/include/turtlesim/turtlesim/action/detail
[19.470s] -- Installing: /home/olin/github/workspace_prova/install/turtlesim/include/turtlesim/turtlesim/action/detail/rotate_absolute__rosidl_typesupport_fastrtps_cpp.hpp
[19.470s] -- Installing: /home/olin/github/workspace_prova/install/turtlesim/include/turtlesim/turtlesim/action/detail/dds_fastrtps
[19.470s] -- Up-to-date: /home/olin/github/workspace_prova/install/turtlesim/include/turtlesim/turtlesim/srv
[19.470s] -- Up-to-date: /home/olin/github/workspace_prova/install/turtlesim/include/turtlesim/turtlesim/srv/detail
[19.470s] -- Installing: /home/olin/github/workspace_prova/install/turtlesim/include/turtlesim/turtlesim/srv/detail/teleport_relative__rosidl_typesupport_fastrtps_cpp.hpp
[19.470s] -- Installing: /home/olin/github/workspace_prova/install/turtlesim/include/turtlesim/turtlesim/srv/detail/kill__rosidl_typesupport_fastrtps_cpp.hpp
[19.470s] -- Installing: /home/olin/github/workspace_prova/install/turtlesim/include/turtlesim/turtlesim/srv/detail/set_pen__rosidl_typesupport_fastrtps_cpp.hpp
[19.470s] -- Installing: /home/olin/github/workspace_prova/install/turtlesim/include/turtlesim/turtlesim/srv/detail/spawn__rosidl_typesupport_fastrtps_cpp.hpp
[19.470s] -- Installing: /home/olin/github/workspace_prova/install/turtlesim/include/turtlesim/turtlesim/srv/detail/teleport_absolute__rosidl_typesupport_fastrtps_cpp.hpp
[19.470s] -- Installing: /home/olin/github/workspace_prova/install/turtlesim/include/turtlesim/turtlesim/srv/detail/dds_fastrtps
[19.470s] -- Installing: /home/olin/github/workspace_prova/install/turtlesim/lib/libturtlesim__rosidl_typesupport_fastrtps_cpp.so
[19.471s] -- Set runtime path of "/home/olin/github/workspace_prova/install/turtlesim/lib/libturtlesim__rosidl_typesupport_fastrtps_cpp.so" to ""
[19.471s] -- Up-to-date: /home/olin/github/workspace_prova/install/turtlesim/include/turtlesim/turtlesim
[19.471s] -- Up-to-date: /home/olin/github/workspace_prova/install/turtlesim/include/turtlesim/turtlesim/msg
[19.471s] -- Installing: /home/olin/github/workspace_prova/install/turtlesim/include/turtlesim/turtlesim/msg/rosidl_typesupport_introspection_c__visibility_control.h
[19.471s] -- Up-to-date: /home/olin/github/workspace_prova/install/turtlesim/include/turtlesim/turtlesim/msg/detail
[19.471s] -- Installing: /home/olin/github/workspace_prova/install/turtlesim/include/turtlesim/turtlesim/msg/detail/pose__type_support.c
[19.471s] -- Installing: /home/olin/github/workspace_prova/install/turtlesim/include/turtlesim/turtlesim/msg/detail/pose__rosidl_typesupport_introspection_c.h
[19.471s] -- Installing: /home/olin/github/workspace_prova/install/turtlesim/include/turtlesim/turtlesim/msg/detail/color__rosidl_typesupport_introspection_c.h
[19.471s] -- Installing: /home/olin/github/workspace_prova/install/turtlesim/include/turtlesim/turtlesim/msg/detail/color__type_support.c
[19.471s] -- Up-to-date: /home/olin/github/workspace_prova/install/turtlesim/include/turtlesim/turtlesim/action
[19.471s] -- Up-to-date: /home/olin/github/workspace_prova/install/turtlesim/include/turtlesim/turtlesim/action/detail
[19.471s] -- Installing: /home/olin/github/workspace_prova/install/turtlesim/include/turtlesim/turtlesim/action/detail/rotate_absolute__rosidl_typesupport_introspection_c.h
[19.471s] -- Installing: /home/olin/github/workspace_prova/install/turtlesim/include/turtlesim/turtlesim/action/detail/rotate_absolute__type_support.c
[19.471s] -- Up-to-date: /home/olin/github/workspace_prova/install/turtlesim/include/turtlesim/turtlesim/srv
[19.471s] -- Up-to-date: /home/olin/github/workspace_prova/install/turtlesim/include/turtlesim/turtlesim/srv/detail
[19.471s] -- Installing: /home/olin/github/workspace_prova/install/turtlesim/include/turtlesim/turtlesim/srv/detail/teleport_absolute__type_support.c
[19.471s] -- Installing: /home/olin/github/workspace_prova/install/turtlesim/include/turtlesim/turtlesim/srv/detail/teleport_absolute__rosidl_typesupport_introspection_c.h
[19.471s] -- Installing: /home/olin/github/workspace_prova/install/turtlesim/include/turtlesim/turtlesim/srv/detail/kill__type_support.c
[19.471s] -- Installing: /home/olin/github/workspace_prova/install/turtlesim/include/turtlesim/turtlesim/srv/detail/teleport_relative__type_support.c
[19.472s] -- Installing: /home/olin/github/workspace_prova/install/turtlesim/include/turtlesim/turtlesim/srv/detail/spawn__rosidl_typesupport_introspection_c.h
[19.472s] -- Installing: /home/olin/github/workspace_prova/install/turtlesim/include/turtlesim/turtlesim/srv/detail/set_pen__rosidl_typesupport_introspection_c.h
[19.472s] -- Installing: /home/olin/github/workspace_prova/install/turtlesim/include/turtlesim/turtlesim/srv/detail/teleport_relative__rosidl_typesupport_introspection_c.h
[19.472s] -- Installing: /home/olin/github/workspace_prova/install/turtlesim/include/turtlesim/turtlesim/srv/detail/spawn__type_support.c
[19.472s] -- Installing: /home/olin/github/workspace_prova/install/turtlesim/include/turtlesim/turtlesim/srv/detail/kill__rosidl_typesupport_introspection_c.h
[19.472s] -- Installing: /home/olin/github/workspace_prova/install/turtlesim/include/turtlesim/turtlesim/srv/detail/set_pen__type_support.c
[19.472s] -- Installing: /home/olin/github/workspace_prova/install/turtlesim/lib/libturtlesim__rosidl_typesupport_introspection_c.so
[19.472s] -- Set runtime path of "/home/olin/github/workspace_prova/install/turtlesim/lib/libturtlesim__rosidl_typesupport_introspection_c.so" to ""
[19.472s] -- Installing: /home/olin/github/workspace_prova/install/turtlesim/lib/libturtlesim__rosidl_typesupport_c.so
[19.472s] -- Set runtime path of "/home/olin/github/workspace_prova/install/turtlesim/lib/libturtlesim__rosidl_typesupport_c.so" to ""
[19.472s] -- Up-to-date: /home/olin/github/workspace_prova/install/turtlesim/include/turtlesim/turtlesim
[19.472s] -- Up-to-date: /home/olin/github/workspace_prova/install/turtlesim/include/turtlesim/turtlesim/msg
[19.472s] -- Up-to-date: /home/olin/github/workspace_prova/install/turtlesim/include/turtlesim/turtlesim/msg/detail
[19.472s] -- Installing: /home/olin/github/workspace_prova/install/turtlesim/include/turtlesim/turtlesim/msg/detail/color__rosidl_typesupport_introspection_cpp.hpp
[19.473s] -- Installing: /home/olin/github/workspace_prova/install/turtlesim/include/turtlesim/turtlesim/msg/detail/pose__type_support.cpp
[19.473s] -- Installing: /home/olin/github/workspace_prova/install/turtlesim/include/turtlesim/turtlesim/msg/detail/color__type_support.cpp
[19.473s] -- Installing: /home/olin/github/workspace_prova/install/turtlesim/include/turtlesim/turtlesim/msg/detail/pose__rosidl_typesupport_introspection_cpp.hpp
[19.473s] -- Up-to-date: /home/olin/github/workspace_prova/install/turtlesim/include/turtlesim/turtlesim/action
[19.473s] -- Up-to-date: /home/olin/github/workspace_prova/install/turtlesim/include/turtlesim/turtlesim/action/detail
[19.473s] -- Installing: /home/olin/github/workspace_prova/install/turtlesim/include/turtlesim/turtlesim/action/detail/rotate_absolute__type_support.cpp
[19.473s] -- Installing: /home/olin/github/workspace_prova/install/turtlesim/include/turtlesim/turtlesim/action/detail/rotate_absolute__rosidl_typesupport_introspection_cpp.hpp
[19.473s] -- Up-to-date: /home/olin/github/workspace_prova/install/turtlesim/include/turtlesim/turtlesim/srv
[19.473s] -- Up-to-date: /home/olin/github/workspace_prova/install/turtlesim/include/turtlesim/turtlesim/srv/detail
[19.473s] -- Installing: /home/olin/github/workspace_prova/install/turtlesim/include/turtlesim/turtlesim/srv/detail/kill__type_support.cpp
[19.473s] -- Installing: /home/olin/github/workspace_prova/install/turtlesim/include/turtlesim/turtlesim/srv/detail/kill__rosidl_typesupport_introspection_cpp.hpp
[19.473s] -- Installing: /home/olin/github/workspace_prova/install/turtlesim/include/turtlesim/turtlesim/srv/detail/spawn__rosidl_typesupport_introspection_cpp.hpp
[19.473s] -- Installing: /home/olin/github/workspace_prova/install/turtlesim/include/turtlesim/turtlesim/srv/detail/teleport_absolute__rosidl_typesupport_introspection_cpp.hpp
[19.473s] -- Installing: /home/olin/github/workspace_prova/install/turtlesim/include/turtlesim/turtlesim/srv/detail/set_pen__type_support.cpp
[19.473s] -- Installing: /home/olin/github/workspace_prova/install/turtlesim/include/turtlesim/turtlesim/srv/detail/teleport_relative__type_support.cpp
[19.473s] -- Installing: /home/olin/github/workspace_prova/install/turtlesim/include/turtlesim/turtlesim/srv/detail/teleport_relative__rosidl_typesupport_introspection_cpp.hpp
[19.473s] -- Installing: /home/olin/github/workspace_prova/install/turtlesim/include/turtlesim/turtlesim/srv/detail/set_pen__rosidl_typesupport_introspection_cpp.hpp
[19.473s] -- Installing: /home/olin/github/workspace_prova/install/turtlesim/include/turtlesim/turtlesim/srv/detail/teleport_absolute__type_support.cpp
[19.473s] -- Installing: /home/olin/github/workspace_prova/install/turtlesim/include/turtlesim/turtlesim/srv/detail/spawn__type_support.cpp
[19.473s] -- Installing: /home/olin/github/workspace_prova/install/turtlesim/lib/libturtlesim__rosidl_typesupport_introspection_cpp.so
[19.473s] -- Set runtime path of "/home/olin/github/workspace_prova/install/turtlesim/lib/libturtlesim__rosidl_typesupport_introspection_cpp.so" to ""
[19.474s] -- Installing: /home/olin/github/workspace_prova/install/turtlesim/lib/libturtlesim__rosidl_typesupport_cpp.so
[19.474s] -- Set runtime path of "/home/olin/github/workspace_prova/install/turtlesim/lib/libturtlesim__rosidl_typesupport_cpp.so" to ""
[19.474s] -- Installing: /home/olin/github/workspace_prova/install/turtlesim/share/turtlesim/environment/pythonpath.sh
[19.474s] -- Installing: /home/olin/github/workspace_prova/install/turtlesim/share/turtlesim/environment/pythonpath.dsv
[19.474s] -- Installing: /home/olin/github/workspace_prova/install/turtlesim/local/lib/python3.10/dist-packages/turtlesim-1.4.2-py3.10.egg-info
[19.474s] -- Installing: /home/olin/github/workspace_prova/install/turtlesim/local/lib/python3.10/dist-packages/turtlesim-1.4.2-py3.10.egg-info/SOURCES.txt
[19.474s] -- Installing: /home/olin/github/workspace_prova/install/turtlesim/local/lib/python3.10/dist-packages/turtlesim-1.4.2-py3.10.egg-info/top_level.txt
[19.474s] -- Installing: /home/olin/github/workspace_prova/install/turtlesim/local/lib/python3.10/dist-packages/turtlesim-1.4.2-py3.10.egg-info/PKG-INFO
[19.474s] -- Installing: /home/olin/github/workspace_prova/install/turtlesim/local/lib/python3.10/dist-packages/turtlesim-1.4.2-py3.10.egg-info/dependency_links.txt
[19.474s] -- Installing: /home/olin/github/workspace_prova/install/turtlesim/local/lib/python3.10/dist-packages/turtlesim
[19.474s] -- Installing: /home/olin/github/workspace_prova/install/turtlesim/local/lib/python3.10/dist-packages/turtlesim/turtlesim_s__rosidl_typesupport_fastrtps_c.cpython-310-x86_64-linux-gnu.so
[19.474s] -- Installing: /home/olin/github/workspace_prova/install/turtlesim/local/lib/python3.10/dist-packages/turtlesim/msg
[19.474s] -- Installing: /home/olin/github/workspace_prova/install/turtlesim/local/lib/python3.10/dist-packages/turtlesim/msg/_pose.py
[19.475s] -- Installing: /home/olin/github/workspace_prova/install/turtlesim/local/lib/python3.10/dist-packages/turtlesim/msg/_pose_s.c
[19.475s] -- Installing: /home/olin/github/workspace_prova/install/turtlesim/local/lib/python3.10/dist-packages/turtlesim/msg/__init__.py
[19.475s] -- Installing: /home/olin/github/workspace_prova/install/turtlesim/local/lib/python3.10/dist-packages/turtlesim/msg/_color.py
[19.475s] -- Installing: /home/olin/github/workspace_prova/install/turtlesim/local/lib/python3.10/dist-packages/turtlesim/msg/_color_s.c
[19.475s] -- Installing: /home/olin/github/workspace_prova/install/turtlesim/local/lib/python3.10/dist-packages/turtlesim/_turtlesim_s.ep.rosidl_typesupport_c.c
[19.475s] -- Installing: /home/olin/github/workspace_prova/install/turtlesim/local/lib/python3.10/dist-packages/turtlesim/__init__.py
[19.475s] -- Installing: /home/olin/github/workspace_prova/install/turtlesim/local/lib/python3.10/dist-packages/turtlesim/turtlesim_s__rosidl_typesupport_c.cpython-310-x86_64-linux-gnu.so
[19.475s] -- Installing: /home/olin/github/workspace_prova/install/turtlesim/local/lib/python3.10/dist-packages/turtlesim/_turtlesim_s.ep.rosidl_typesupport_fastrtps_c.c
[19.475s] -- Installing: /home/olin/github/workspace_prova/install/turtlesim/local/lib/python3.10/dist-packages/turtlesim/turtlesim_s__rosidl_typesupport_introspection_c.cpython-310-x86_64-linux-gnu.so
[19.475s] -- Installing: /home/olin/github/workspace_prova/install/turtlesim/local/lib/python3.10/dist-packages/turtlesim/action
[19.475s] -- Installing: /home/olin/github/workspace_prova/install/turtlesim/local/lib/python3.10/dist-packages/turtlesim/action/_rotate_absolute_s.c
[19.475s] -- Installing: /home/olin/github/workspace_prova/install/turtlesim/local/lib/python3.10/dist-packages/turtlesim/action/__init__.py
[19.475s] -- Installing: /home/olin/github/workspace_prova/install/turtlesim/local/lib/python3.10/dist-packages/turtlesim/action/_rotate_absolute.py
[19.475s] -- Installing: /home/olin/github/workspace_prova/install/turtlesim/local/lib/python3.10/dist-packages/turtlesim/_turtlesim_s.ep.rosidl_typesupport_introspection_c.c
[19.476s] -- Installing: /home/olin/github/workspace_prova/install/turtlesim/local/lib/python3.10/dist-packages/turtlesim/libturtlesim__rosidl_generator_py.so
[19.476s] -- Installing: /home/olin/github/workspace_prova/install/turtlesim/local/lib/python3.10/dist-packages/turtlesim/srv
[19.476s] -- Installing: /home/olin/github/workspace_prova/install/turtlesim/local/lib/python3.10/dist-packages/turtlesim/srv/_set_pen_s.c
[19.476s] -- Installing: /home/olin/github/workspace_prova/install/turtlesim/local/lib/python3.10/dist-packages/turtlesim/srv/_kill_s.c
[19.476s] -- Installing: /home/olin/github/workspace_prova/install/turtlesim/local/lib/python3.10/dist-packages/turtlesim/srv/_teleport_relative_s.c
[19.476s] -- Installing: /home/olin/github/workspace_prova/install/turtlesim/local/lib/python3.10/dist-packages/turtlesim/srv/_teleport_absolute_s.c
[19.476s] -- Installing: /home/olin/github/workspace_prova/install/turtlesim/local/lib/python3.10/dist-packages/turtlesim/srv/_spawn.py
[19.476s] -- Installing: /home/olin/github/workspace_prova/install/turtlesim/local/lib/python3.10/dist-packages/turtlesim/srv/_set_pen.py
[19.476s] -- Installing: /home/olin/github/workspace_prova/install/turtlesim/local/lib/python3.10/dist-packages/turtlesim/srv/_teleport_absolute.py
[19.476s] -- Installing: /home/olin/github/workspace_prova/install/turtlesim/local/lib/python3.10/dist-packages/turtlesim/srv/__init__.py
[19.476s] -- Installing: /home/olin/github/workspace_prova/install/turtlesim/local/lib/python3.10/dist-packages/turtlesim/srv/_kill.py
[19.476s] -- Installing: /home/olin/github/workspace_prova/install/turtlesim/local/lib/python3.10/dist-packages/turtlesim/srv/_teleport_relative.py
[19.476s] -- Installing: /home/olin/github/workspace_prova/install/turtlesim/local/lib/python3.10/dist-packages/turtlesim/srv/_spawn_s.c
[19.523s] Listing '/home/olin/github/workspace_prova/install/turtlesim/local/lib/python3.10/dist-packages/turtlesim'...
[19.523s] Compiling '/home/olin/github/workspace_prova/install/turtlesim/local/lib/python3.10/dist-packages/turtlesim/__init__.py'...
[19.523s] Listing '/home/olin/github/workspace_prova/install/turtlesim/local/lib/python3.10/dist-packages/turtlesim/action'...
[19.523s] Compiling '/home/olin/github/workspace_prova/install/turtlesim/local/lib/python3.10/dist-packages/turtlesim/action/__init__.py'...
[19.523s] Compiling '/home/olin/github/workspace_prova/install/turtlesim/local/lib/python3.10/dist-packages/turtlesim/action/_rotate_absolute.py'...
[19.523s] Listing '/home/olin/github/workspace_prova/install/turtlesim/local/lib/python3.10/dist-packages/turtlesim/msg'...
[19.523s] Compiling '/home/olin/github/workspace_prova/install/turtlesim/local/lib/python3.10/dist-packages/turtlesim/msg/__init__.py'...
[19.523s] Compiling '/home/olin/github/workspace_prova/install/turtlesim/local/lib/python3.10/dist-packages/turtlesim/msg/_color.py'...
[19.523s] Compiling '/home/olin/github/workspace_prova/install/turtlesim/local/lib/python3.10/dist-packages/turtlesim/msg/_pose.py'...
[19.523s] Listing '/home/olin/github/workspace_prova/install/turtlesim/local/lib/python3.10/dist-packages/turtlesim/srv'...
[19.523s] Compiling '/home/olin/github/workspace_prova/install/turtlesim/local/lib/python3.10/dist-packages/turtlesim/srv/__init__.py'...
[19.523s] Compiling '/home/olin/github/workspace_prova/install/turtlesim/local/lib/python3.10/dist-packages/turtlesim/srv/_kill.py'...
[19.523s] Compiling '/home/olin/github/workspace_prova/install/turtlesim/local/lib/python3.10/dist-packages/turtlesim/srv/_set_pen.py'...
[19.523s] Compiling '/home/olin/github/workspace_prova/install/turtlesim/local/lib/python3.10/dist-packages/turtlesim/srv/_spawn.py'...
[19.523s] Compiling '/home/olin/github/workspace_prova/install/turtlesim/local/lib/python3.10/dist-packages/turtlesim/srv/_teleport_absolute.py'...
[19.523s] Compiling '/home/olin/github/workspace_prova/install/turtlesim/local/lib/python3.10/dist-packages/turtlesim/srv/_teleport_relative.py'...
[19.526s] -- Installing: /home/olin/github/workspace_prova/install/turtlesim/local/lib/python3.10/dist-packages/turtlesim/turtlesim_s__rosidl_typesupport_fastrtps_c.cpython-310-x86_64-linux-gnu.so
[19.526s] -- Set runtime path of "/home/olin/github/workspace_prova/install/turtlesim/local/lib/python3.10/dist-packages/turtlesim/turtlesim_s__rosidl_typesupport_fastrtps_c.cpython-310-x86_64-linux-gnu.so" to ""
[19.526s] -- Installing: /home/olin/github/workspace_prova/install/turtlesim/local/lib/python3.10/dist-packages/turtlesim/turtlesim_s__rosidl_typesupport_introspection_c.cpython-310-x86_64-linux-gnu.so
[19.527s] -- Set runtime path of "/home/olin/github/workspace_prova/install/turtlesim/local/lib/python3.10/dist-packages/turtlesim/turtlesim_s__rosidl_typesupport_introspection_c.cpython-310-x86_64-linux-gnu.so" to ""
[19.527s] -- Installing: /home/olin/github/workspace_prova/install/turtlesim/local/lib/python3.10/dist-packages/turtlesim/turtlesim_s__rosidl_typesupport_c.cpython-310-x86_64-linux-gnu.so
[19.527s] -- Set runtime path of "/home/olin/github/workspace_prova/install/turtlesim/local/lib/python3.10/dist-packages/turtlesim/turtlesim_s__rosidl_typesupport_c.cpython-310-x86_64-linux-gnu.so" to ""
[19.527s] -- Installing: /home/olin/github/workspace_prova/install/turtlesim/lib/libturtlesim__rosidl_generator_py.so
[19.527s] -- Set runtime path of "/home/olin/github/workspace_prova/install/turtlesim/lib/libturtlesim__rosidl_generator_py.so" to ""
[19.527s] -- Installing: /home/olin/github/workspace_prova/install/turtlesim/share/turtlesim/action/RotateAbsolute.idl
[19.527s] -- Installing: /home/olin/github/workspace_prova/install/turtlesim/share/turtlesim/msg/Color.idl
[19.527s] -- Installing: /home/olin/github/workspace_prova/install/turtlesim/share/turtlesim/msg/Pose.idl
[19.527s] -- Installing: /home/olin/github/workspace_prova/install/turtlesim/share/turtlesim/srv/Kill.idl
[19.527s] -- Installing: /home/olin/github/workspace_prova/install/turtlesim/share/turtlesim/srv/SetPen.idl
[19.528s] -- Installing: /home/olin/github/workspace_prova/install/turtlesim/share/turtlesim/srv/Spawn.idl
[19.528s] -- Installing: /home/olin/github/workspace_prova/install/turtlesim/share/turtlesim/srv/TeleportAbsolute.idl
[19.528s] -- Installing: /home/olin/github/workspace_prova/install/turtlesim/share/turtlesim/srv/TeleportRelative.idl
[19.528s] -- Installing: /home/olin/github/workspace_prova/install/turtlesim/share/turtlesim/action/RotateAbsolute.action
[19.528s] -- Installing: /home/olin/github/workspace_prova/install/turtlesim/share/turtlesim/msg/Color.msg
[19.528s] -- Installing: /home/olin/github/workspace_prova/install/turtlesim/share/turtlesim/msg/Pose.msg
[19.528s] -- Installing: /home/olin/github/workspace_prova/install/turtlesim/share/turtlesim/srv/Kill.srv
[19.528s] -- Installing: /home/olin/github/workspace_prova/install/turtlesim/share/turtlesim/srv/Kill_Request.msg
[19.528s] -- Installing: /home/olin/github/workspace_prova/install/turtlesim/share/turtlesim/srv/Kill_Response.msg
[19.528s] -- Installing: /home/olin/github/workspace_prova/install/turtlesim/share/turtlesim/srv/SetPen.srv
[19.528s] -- Installing: /home/olin/github/workspace_prova/install/turtlesim/share/turtlesim/srv/SetPen_Request.msg
[19.529s] -- Installing: /home/olin/github/workspace_prova/install/turtlesim/share/turtlesim/srv/SetPen_Response.msg
[19.529s] -- Installing: /home/olin/github/workspace_prova/install/turtlesim/share/turtlesim/srv/Spawn.srv
[19.529s] -- Installing: /home/olin/github/workspace_prova/install/turtlesim/share/turtlesim/srv/Spawn_Request.msg
[19.529s] -- Installing: /home/olin/github/workspace_prova/install/turtlesim/share/turtlesim/srv/Spawn_Response.msg
[19.529s] -- Installing: /home/olin/github/workspace_prova/install/turtlesim/share/turtlesim/srv/TeleportAbsolute.srv
[19.529s] -- Installing: /home/olin/github/workspace_prova/install/turtlesim/share/turtlesim/srv/TeleportAbsolute_Request.msg
[19.529s] -- Installing: /home/olin/github/workspace_prova/install/turtlesim/share/turtlesim/srv/TeleportAbsolute_Response.msg
[19.529s] -- Installing: /home/olin/github/workspace_prova/install/turtlesim/share/turtlesim/srv/TeleportRelative.srv
[19.529s] -- Installing: /home/olin/github/workspace_prova/install/turtlesim/share/turtlesim/srv/TeleportRelative_Request.msg
[19.529s] -- Installing: /home/olin/github/workspace_prova/install/turtlesim/share/turtlesim/srv/TeleportRelative_Response.msg
[19.529s] -- Installing: /home/olin/github/workspace_prova/install/turtlesim/lib/turtlesim/turtlesim_node
[19.534s] -- Set runtime path of "/home/olin/github/workspace_prova/install/turtlesim/lib/turtlesim/turtlesim_node" to ""
[19.534s] -- Installing: /home/olin/github/workspace_prova/install/turtlesim/lib/turtlesim/turtle_teleop_key
[19.535s] -- Set runtime path of "/home/olin/github/workspace_prova/install/turtlesim/lib/turtlesim/turtle_teleop_key" to ""
[19.535s] -- Installing: /home/olin/github/workspace_prova/install/turtlesim/lib/turtlesim/draw_square
[19.538s] -- Set runtime path of "/home/olin/github/workspace_prova/install/turtlesim/lib/turtlesim/draw_square" to ""
[19.538s] -- Installing: /home/olin/github/workspace_prova/install/turtlesim/lib/turtlesim/mimic
[19.540s] -- Set runtime path of "/home/olin/github/workspace_prova/install/turtlesim/lib/turtlesim/mimic" to ""
[19.540s] -- Installing: /home/olin/github/workspace_prova/install/turtlesim/share/turtlesim/images
[19.540s] -- Installing: /home/olin/github/workspace_prova/install/turtlesim/share/turtlesim/images/eloquent.png
[19.540s] -- Installing: /home/olin/github/workspace_prova/install/turtlesim/share/turtlesim/images/bouncy.png
[19.540s] -- Installing: /home/olin/github/workspace_prova/install/turtlesim/share/turtlesim/images/foxy.png
[19.540s] -- Installing: /home/olin/github/workspace_prova/install/turtlesim/share/turtlesim/images/rolling.png
[19.541s] -- Installing: /home/olin/github/workspace_prova/install/turtlesim/share/turtlesim/images/ardent.png
[19.541s] -- Installing: /home/olin/github/workspace_prova/install/turtlesim/share/turtlesim/images/dashing.png
[19.541s] -- Installing: /home/olin/github/workspace_prova/install/turtlesim/share/turtlesim/images/galactic.png
[19.541s] -- Installing: /home/olin/github/workspace_prova/install/turtlesim/share/turtlesim/images/humble.png
[19.541s] -- Installing: /home/olin/github/workspace_prova/install/turtlesim/share/turtlesim/images/crystal.png
[19.542s] -- Installing: /home/olin/github/workspace_prova/install/turtlesim/share/turtlesim/launch
[19.542s] -- Installing: /home/olin/github/workspace_prova/install/turtlesim/share/turtlesim/launch/multisim.launch.py
[19.542s] -- Installing: /home/olin/github/workspace_prova/install/turtlesim/share/ament_index/resource_index/package_run_dependencies/turtlesim
[19.542s] -- Installing: /home/olin/github/workspace_prova/install/turtlesim/share/ament_index/resource_index/parent_prefix_path/turtlesim
[19.542s] -- Installing: /home/olin/github/workspace_prova/install/turtlesim/share/turtlesim/environment/ament_prefix_path.sh
[19.542s] -- Installing: /home/olin/github/workspace_prova/install/turtlesim/share/turtlesim/environment/ament_prefix_path.dsv
[19.542s] -- Installing: /home/olin/github/workspace_prova/install/turtlesim/share/turtlesim/environment/path.sh
[19.543s] -- Installing: /home/olin/github/workspace_prova/install/turtlesim/share/turtlesim/environment/path.dsv
[19.543s] -- Installing: /home/olin/github/workspace_prova/install/turtlesim/share/turtlesim/local_setup.bash
[19.543s] -- Installing: /home/olin/github/workspace_prova/install/turtlesim/share/turtlesim/local_setup.sh
[19.543s] -- Installing: /home/olin/github/workspace_prova/install/turtlesim/share/turtlesim/local_setup.zsh
[19.543s] -- Installing: /home/olin/github/workspace_prova/install/turtlesim/share/turtlesim/local_setup.dsv
[19.543s] -- Installing: /home/olin/github/workspace_prova/install/turtlesim/share/turtlesim/package.dsv
[19.543s] -- Installing: /home/olin/github/workspace_prova/install/turtlesim/share/ament_index/resource_index/packages/turtlesim
[19.543s] -- Installing: /home/olin/github/workspace_prova/install/turtlesim/share/turtlesim/cmake/export_turtlesim__rosidl_generator_cExport.cmake
[19.543s] -- Installing: /home/olin/github/workspace_prova/install/turtlesim/share/turtlesim/cmake/export_turtlesim__rosidl_generator_cExport-noconfig.cmake
[19.544s] -- Installing: /home/olin/github/workspace_prova/install/turtlesim/share/turtlesim/cmake/export_turtlesim__rosidl_typesupport_fastrtps_cExport.cmake
[19.544s] -- Installing: /home/olin/github/workspace_prova/install/turtlesim/share/turtlesim/cmake/export_turtlesim__rosidl_typesupport_fastrtps_cExport-noconfig.cmake
[19.544s] -- Installing: /home/olin/github/workspace_prova/install/turtlesim/share/turtlesim/cmake/export_turtlesim__rosidl_generator_cppExport.cmake
[19.544s] -- Installing: /home/olin/github/workspace_prova/install/turtlesim/share/turtlesim/cmake/export_turtlesim__rosidl_typesupport_fastrtps_cppExport.cmake
[19.544s] -- Installing: /home/olin/github/workspace_prova/install/turtlesim/share/turtlesim/cmake/export_turtlesim__rosidl_typesupport_fastrtps_cppExport-noconfig.cmake
[19.544s] -- Installing: /home/olin/github/workspace_prova/install/turtlesim/share/turtlesim/cmake/turtlesim__rosidl_typesupport_introspection_cExport.cmake
[19.544s] -- Installing: /home/olin/github/workspace_prova/install/turtlesim/share/turtlesim/cmake/turtlesim__rosidl_typesupport_introspection_cExport-noconfig.cmake
[19.544s] -- Installing: /home/olin/github/workspace_prova/install/turtlesim/share/turtlesim/cmake/turtlesim__rosidl_typesupport_cExport.cmake
[19.544s] -- Installing: /home/olin/github/workspace_prova/install/turtlesim/share/turtlesim/cmake/turtlesim__rosidl_typesupport_cExport-noconfig.cmake
[19.545s] -- Installing: /home/olin/github/workspace_prova/install/turtlesim/share/turtlesim/cmake/turtlesim__rosidl_typesupport_introspection_cppExport.cmake
[19.545s] -- Installing: /home/olin/github/workspace_prova/install/turtlesim/share/turtlesim/cmake/turtlesim__rosidl_typesupport_introspection_cppExport-noconfig.cmake
[19.545s] -- Installing: /home/olin/github/workspace_prova/install/turtlesim/share/turtlesim/cmake/turtlesim__rosidl_typesupport_cppExport.cmake
[19.545s] -- Installing: /home/olin/github/workspace_prova/install/turtlesim/share/turtlesim/cmake/turtlesim__rosidl_typesupport_cppExport-noconfig.cmake
[19.545s] -- Installing: /home/olin/github/workspace_prova/install/turtlesim/share/turtlesim/cmake/export_turtlesim__rosidl_generator_pyExport.cmake
[19.545s] -- Installing: /home/olin/github/workspace_prova/install/turtlesim/share/turtlesim/cmake/export_turtlesim__rosidl_generator_pyExport-noconfig.cmake
[19.545s] -- Installing: /home/olin/github/workspace_prova/install/turtlesim/share/turtlesim/cmake/rosidl_cmake-extras.cmake
[19.545s] -- Installing: /home/olin/github/workspace_prova/install/turtlesim/share/turtlesim/cmake/ament_cmake_export_dependencies-extras.cmake
[19.545s] -- Installing: /home/olin/github/workspace_prova/install/turtlesim/share/turtlesim/cmake/ament_cmake_export_include_directories-extras.cmake
[19.546s] -- Installing: /home/olin/github/workspace_prova/install/turtlesim/share/turtlesim/cmake/ament_cmake_export_libraries-extras.cmake
[19.546s] -- Installing: /home/olin/github/workspace_prova/install/turtlesim/share/turtlesim/cmake/ament_cmake_export_targets-extras.cmake
[19.546s] -- Installing: /home/olin/github/workspace_prova/install/turtlesim/share/turtlesim/cmake/rosidl_cmake_export_typesupport_targets-extras.cmake
[19.546s] -- Installing: /home/olin/github/workspace_prova/install/turtlesim/share/turtlesim/cmake/rosidl_cmake_export_typesupport_libraries-extras.cmake
[19.546s] -- Installing: /home/olin/github/workspace_prova/install/turtlesim/share/turtlesim/cmake/turtlesimConfig.cmake
[19.546s] -- Installing: /home/olin/github/workspace_prova/install/turtlesim/share/turtlesim/cmake/turtlesimConfig-version.cmake
[19.546s] -- Installing: /home/olin/github/workspace_prova/install/turtlesim/share/turtlesim/package.xml
[19.548s] Invoked command in '/home/olin/github/workspace_prova/build/turtlesim' returned '0': CMAKE_PREFIX_PATH=/opt/ros/humble /usr/bin/cmake --install /home/olin/github/workspace_prova/build/turtlesim
