[0.483s] Invoking command in '/home/olin/github/workspace_prova/src/cli': PYTHONPATH=/home/olin/github/workspace_prova/build/cli/prefix_override:/home/olin/github/workspace_prova/install/cli/lib/python3.10/site-packages:${PYTHONPATH} /usr/bin/python3 -W ignore:setup.py install is deprecated setup.py egg_info --egg-base ../../build/cli build --build-base /home/olin/github/workspace_prova/build/cli/build install --record /home/olin/github/workspace_prova/build/cli/install.log --single-version-externally-managed install_data
[0.743s] running egg_info
[0.743s] creating ../../build/cli/cli.egg-info
[0.743s] writing ../../build/cli/cli.egg-info/PKG-INFO
[0.744s] writing dependency_links to ../../build/cli/cli.egg-info/dependency_links.txt
[0.744s] writing entry points to ../../build/cli/cli.egg-info/entry_points.txt
[0.744s] writing requirements to ../../build/cli/cli.egg-info/requires.txt
[0.744s] writing top-level names to ../../build/cli/cli.egg-info/top_level.txt
[0.744s] writing manifest file '../../build/cli/cli.egg-info/SOURCES.txt'
[0.746s] reading manifest file '../../build/cli/cli.egg-info/SOURCES.txt'
[0.747s] writing manifest file '../../build/cli/cli.egg-info/SOURCES.txt'
[0.747s] running build
[0.747s] running build_py
[0.747s] creating /home/olin/github/workspace_prova/build/cli/build
[0.747s] creating /home/olin/github/workspace_prova/build/cli/build/lib
[0.747s] creating /home/olin/github/workspace_prova/build/cli/build/lib/cli
[0.747s] copying cli/publisher.py -> /home/olin/github/workspace_prova/build/cli/build/lib/cli
[0.747s] copying cli/__init__.py -> /home/olin/github/workspace_prova/build/cli/build/lib/cli
[0.747s] running install
[0.748s] running install_lib
[0.749s] creating /home/olin/github/workspace_prova/install/cli/lib/python3.10/site-packages/cli
[0.749s] copying /home/olin/github/workspace_prova/build/cli/build/lib/cli/publisher.py -> /home/olin/github/workspace_prova/install/cli/lib/python3.10/site-packages/cli
[0.749s] copying /home/olin/github/workspace_prova/build/cli/build/lib/cli/__init__.py -> /home/olin/github/workspace_prova/install/cli/lib/python3.10/site-packages/cli
[0.749s] byte-compiling /home/olin/github/workspace_prova/install/cli/lib/python3.10/site-packages/cli/publisher.py to publisher.cpython-310.pyc
[0.750s] byte-compiling /home/olin/github/workspace_prova/install/cli/lib/python3.10/site-packages/cli/__init__.py to __init__.cpython-310.pyc
[0.750s] running install_data
[0.750s] creating /home/olin/github/workspace_prova/install/cli/share
[0.750s] creating /home/olin/github/workspace_prova/install/cli/share/ament_index
[0.750s] creating /home/olin/github/workspace_prova/install/cli/share/ament_index/resource_index
[0.750s] creating /home/olin/github/workspace_prova/install/cli/share/ament_index/resource_index/packages
[0.750s] copying resource/cli -> /home/olin/github/workspace_prova/install/cli/share/ament_index/resource_index/packages
[0.750s] creating /home/olin/github/workspace_prova/install/cli/share/cli
[0.750s] copying package.xml -> /home/olin/github/workspace_prova/install/cli/share/cli
[0.751s] running install_egg_info
[0.752s] Copying ../../build/cli/cli.egg-info to /home/olin/github/workspace_prova/install/cli/lib/python3.10/site-packages/cli-0.0.0-py3.10.egg-info
[0.753s] running install_scripts
[0.778s] writing list of installed files to '/home/olin/github/workspace_prova/build/cli/install.log'
[0.805s] Invoked command in '/home/olin/github/workspace_prova/src/cli' returned '0': PYTHONPATH=/home/olin/github/workspace_prova/build/cli/prefix_override:/home/olin/github/workspace_prova/install/cli/lib/python3.10/site-packages:${PYTHONPATH} /usr/bin/python3 -W ignore:setup.py install is deprecated setup.py egg_info --egg-base ../../build/cli build --build-base /home/olin/github/workspace_prova/build/cli/build install --record /home/olin/github/workspace_prova/build/cli/install.log --single-version-externally-managed install_data
