[0.485s] Invoking command in '/home/olin/github/workspace_prova/src/ola_mundo': PYTHONPATH=/home/olin/github/workspace_prova/build/ola_mundo/prefix_override:/home/olin/github/workspace_prova/install/ola_mundo/lib/python3.10/site-packages:${PYTHONPATH} /usr/bin/python3 -W ignore:setup.py install is deprecated setup.py egg_info --egg-base ../../build/ola_mundo build --build-base /home/olin/github/workspace_prova/build/ola_mundo/build install --record /home/olin/github/workspace_prova/build/ola_mundo/install.log --single-version-externally-managed install_data
[0.636s] running egg_info
[0.636s] creating ../../build/ola_mundo/ola_mundo.egg-info
[0.636s] writing ../../build/ola_mundo/ola_mundo.egg-info/PKG-INFO
[0.636s] writing dependency_links to ../../build/ola_mundo/ola_mundo.egg-info/dependency_links.txt
[0.636s] writing entry points to ../../build/ola_mundo/ola_mundo.egg-info/entry_points.txt
[0.636s] writing requirements to ../../build/ola_mundo/ola_mundo.egg-info/requires.txt
[0.636s] writing top-level names to ../../build/ola_mundo/ola_mundo.egg-info/top_level.txt
[0.636s] writing manifest file '../../build/ola_mundo/ola_mundo.egg-info/SOURCES.txt'
[0.637s] reading manifest file '../../build/ola_mundo/ola_mundo.egg-info/SOURCES.txt'
[0.637s] writing manifest file '../../build/ola_mundo/ola_mundo.egg-info/SOURCES.txt'
[0.638s] running build
[0.638s] running build_py
[0.638s] creating /home/olin/github/workspace_prova/build/ola_mundo/build
[0.638s] creating /home/olin/github/workspace_prova/build/ola_mundo/build/lib
[0.638s] creating /home/olin/github/workspace_prova/build/ola_mundo/build/lib/ola_mundo
[0.638s] copying ola_mundo/__init__.py -> /home/olin/github/workspace_prova/build/ola_mundo/build/lib/ola_mundo
[0.638s] copying ola_mundo/teste.py -> /home/olin/github/workspace_prova/build/ola_mundo/build/lib/ola_mundo
[0.638s] running install
[0.638s] running install_lib
[0.639s] creating /home/olin/github/workspace_prova/install/ola_mundo/lib/python3.10/site-packages/ola_mundo
[0.639s] copying /home/olin/github/workspace_prova/build/ola_mundo/build/lib/ola_mundo/__init__.py -> /home/olin/github/workspace_prova/install/ola_mundo/lib/python3.10/site-packages/ola_mundo
[0.639s] copying /home/olin/github/workspace_prova/build/ola_mundo/build/lib/ola_mundo/teste.py -> /home/olin/github/workspace_prova/install/ola_mundo/lib/python3.10/site-packages/ola_mundo
[0.639s] byte-compiling /home/olin/github/workspace_prova/install/ola_mundo/lib/python3.10/site-packages/ola_mundo/__init__.py to __init__.cpython-310.pyc
[0.639s] byte-compiling /home/olin/github/workspace_prova/install/ola_mundo/lib/python3.10/site-packages/ola_mundo/teste.py to teste.cpython-310.pyc
[0.639s] running install_data
[0.639s] creating /home/olin/github/workspace_prova/install/ola_mundo/share/ament_index
[0.639s] creating /home/olin/github/workspace_prova/install/ola_mundo/share/ament_index/resource_index
[0.640s] creating /home/olin/github/workspace_prova/install/ola_mundo/share/ament_index/resource_index/packages
[0.640s] copying resource/ola_mundo -> /home/olin/github/workspace_prova/install/ola_mundo/share/ament_index/resource_index/packages
[0.640s] copying package.xml -> /home/olin/github/workspace_prova/install/ola_mundo/share/ola_mundo
[0.640s] running install_egg_info
[0.641s] Copying ../../build/ola_mundo/ola_mundo.egg-info to /home/olin/github/workspace_prova/install/ola_mundo/lib/python3.10/site-packages/ola_mundo-0.0.0-py3.10.egg-info
[0.641s] running install_scripts
[0.655s] writing list of installed files to '/home/olin/github/workspace_prova/build/ola_mundo/install.log'
[0.672s] Invoked command in '/home/olin/github/workspace_prova/src/ola_mundo' returned '0': PYTHONPATH=/home/olin/github/workspace_prova/build/ola_mundo/prefix_override:/home/olin/github/workspace_prova/install/ola_mundo/lib/python3.10/site-packages:${PYTHONPATH} /usr/bin/python3 -W ignore:setup.py install is deprecated setup.py egg_info --egg-base ../../build/ola_mundo build --build-base /home/olin/github/workspace_prova/build/ola_mundo/build install --record /home/olin/github/workspace_prova/build/ola_mundo/install.log --single-version-externally-managed install_data
