[0.785s] Invoking command in '/home/olin/github/workspace_prova/src/cli': PYTHONPATH=/home/olin/github/workspace_prova/build/cli/prefix_override:/home/olin/github/workspace_prova/install/cli/lib/python3.10/site-packages:${PYTHONPATH} /usr/bin/python3 -W ignore:setup.py install is deprecated setup.py egg_info --egg-base ../../build/cli build --build-base /home/olin/github/workspace_prova/build/cli/build install --record /home/olin/github/workspace_prova/build/cli/install.log --single-version-externally-managed install_data
[0.955s] running egg_info
[0.955s] writing ../../build/cli/cli.egg-info/PKG-INFO
[0.955s] writing dependency_links to ../../build/cli/cli.egg-info/dependency_links.txt
[0.955s] writing entry points to ../../build/cli/cli.egg-info/entry_points.txt
[0.955s] writing requirements to ../../build/cli/cli.egg-info/requires.txt
[0.956s] writing top-level names to ../../build/cli/cli.egg-info/top_level.txt
[0.957s] reading manifest file '../../build/cli/cli.egg-info/SOURCES.txt'
[0.958s] writing manifest file '../../build/cli/cli.egg-info/SOURCES.txt'
[0.958s] running build
[0.958s] running build_py
[0.958s] running install
[0.958s] running install_lib
[0.960s] running install_data
[0.960s] running install_egg_info
[0.961s] removing '/home/olin/github/workspace_prova/install/cli/lib/python3.10/site-packages/cli-0.0.0-py3.10.egg-info' (and everything under it)
[0.961s] Copying ../../build/cli/cli.egg-info to /home/olin/github/workspace_prova/install/cli/lib/python3.10/site-packages/cli-0.0.0-py3.10.egg-info
[0.962s] running install_scripts
[0.978s] Installing cli script to /home/olin/github/workspace_prova/install/cli/lib/cli
[0.978s] writing list of installed files to '/home/olin/github/workspace_prova/build/cli/install.log'
[0.999s] Invoked command in '/home/olin/github/workspace_prova/src/cli' returned '0': PYTHONPATH=/home/olin/github/workspace_prova/build/cli/prefix_override:/home/olin/github/workspace_prova/install/cli/lib/python3.10/site-packages:${PYTHONPATH} /usr/bin/python3 -W ignore:setup.py install is deprecated setup.py egg_info --egg-base ../../build/cli build --build-base /home/olin/github/workspace_prova/build/cli/build install --record /home/olin/github/workspace_prova/build/cli/install.log --single-version-externally-managed install_data
