[0.487s] Invoking command in '/home/olin/github/workspace_prova/src/cli': PYTHONPATH=/home/olin/github/workspace_prova/build/cli/prefix_override:/home/olin/github/workspace_prova/install/cli/lib/python3.10/site-packages:${PYTHONPATH} /usr/bin/python3 -W ignore:setup.py install is deprecated setup.py egg_info --egg-base ../../build/cli build --build-base /home/olin/github/workspace_prova/build/cli/build install --record /home/olin/github/workspace_prova/build/cli/install.log --single-version-externally-managed install_data
[0.759s] running egg_info
[0.759s] writing ../../build/cli/cli.egg-info/PKG-INFO
[0.760s] writing dependency_links to ../../build/cli/cli.egg-info/dependency_links.txt
[0.760s] writing entry points to ../../build/cli/cli.egg-info/entry_points.txt
[0.760s] writing requirements to ../../build/cli/cli.egg-info/requires.txt
[0.760s] writing top-level names to ../../build/cli/cli.egg-info/top_level.txt
[0.762s] reading manifest file '../../build/cli/cli.egg-info/SOURCES.txt'
[0.763s] writing manifest file '../../build/cli/cli.egg-info/SOURCES.txt'
[0.763s] running build
[0.763s] running build_py
[0.763s] running install
[0.764s] running install_lib
[0.765s] running install_data
[0.765s] running install_egg_info
[0.767s] removing '/home/olin/github/workspace_prova/install/cli/lib/python3.10/site-packages/cli-0.0.0-py3.10.egg-info' (and everything under it)
[0.767s] Copying ../../build/cli/cli.egg-info to /home/olin/github/workspace_prova/install/cli/lib/python3.10/site-packages/cli-0.0.0-py3.10.egg-info
[0.768s] running install_scripts
[0.794s] writing list of installed files to '/home/olin/github/workspace_prova/build/cli/install.log'
[0.820s] Invoked command in '/home/olin/github/workspace_prova/src/cli' returned '0': PYTHONPATH=/home/olin/github/workspace_prova/build/cli/prefix_override:/home/olin/github/workspace_prova/install/cli/lib/python3.10/site-packages:${PYTHONPATH} /usr/bin/python3 -W ignore:setup.py install is deprecated setup.py egg_info --egg-base ../../build/cli build --build-base /home/olin/github/workspace_prova/build/cli/build install --record /home/olin/github/workspace_prova/build/cli/install.log --single-version-externally-managed install_data
