[0.469s] Invoking command in '/home/olin/github/workspace_prova/build/turtlesim': CMAKE_PREFIX_PATH=${CMAKE_PREFIX_PATH}:/home/olin/github/workspace_prova/install/cli:/home/olin/github/workspace_prova/install/move-publish:/home/olin/github/PonderadaRosTurtlesim/install/ola_mundo:/home/olin/github/PonderadaRosTurtlesim/install/draw_circle:/home/olin/github/workspace_prova/install/ola_mundo:/opt/ros/humble /usr/bin/cmake --build /home/olin/github/workspace_prova/build/turtlesim -- -j8 -l8
[0.509s] [  1%] Built target turtlesim__cpp
[0.517s] [ 11%] Built target turtlesim__rosidl_generator_c
[0.543s] [ 12%] Built target ament_cmake_python_copy_turtlesim
[0.543s] [ 26%] Built target turtlesim__rosidl_typesupport_cpp
[0.543s] [ 31%] Built target turtlesim__rosidl_typesupport_fastrtps_cpp
[0.543s] [ 41%] Built target turtlesim__rosidl_typesupport_introspection_c
[0.551s] [ 51%] Built target turtlesim__rosidl_typesupport_introspection_cpp
[0.553s] [ 61%] Built target turtlesim__rosidl_typesupport_c
[0.560s] [ 71%] Built target turtlesim__rosidl_typesupport_fastrtps_c
[0.584s] [ 76%] Built target mimic
[0.584s] [ 79%] Built target turtlesim_node
[0.585s] [ 81%] Built target turtle_teleop_key
[0.585s] [ 83%] Built target draw_square
[0.592s] [ 83%] Built target turtlesim
[0.607s] [ 84%] Built target turtlesim__py
[0.626s] [ 93%] Built target turtlesim__rosidl_generator_py
[0.648s] [ 95%] Built target turtlesim__rosidl_typesupport_c__pyext
[0.648s] [ 97%] Built target turtlesim__rosidl_typesupport_fastrtps_c__pyext
[0.650s] [100%] Built target turtlesim__rosidl_typesupport_introspection_c__pyext
[0.831s] running egg_info
[0.831s] writing turtlesim.egg-info/PKG-INFO
[0.831s] writing dependency_links to turtlesim.egg-info/dependency_links.txt
[0.831s] writing top-level names to turtlesim.egg-info/top_level.txt
[0.833s] reading manifest file 'turtlesim.egg-info/SOURCES.txt'
[0.834s] writing manifest file 'turtlesim.egg-info/SOURCES.txt'
[0.855s] [100%] Built target ament_cmake_python_build_turtlesim_egg
[0.864s] Invoked command in '/home/olin/github/workspace_prova/build/turtlesim' returned '0': CMAKE_PREFIX_PATH=${CMAKE_PREFIX_PATH}:/home/olin/github/workspace_prova/install/cli:/home/olin/github/workspace_prova/install/move-publish:/home/olin/github/PonderadaRosTurtlesim/install/ola_mundo:/home/olin/github/PonderadaRosTurtlesim/install/draw_circle:/home/olin/github/workspace_prova/install/ola_mundo:/opt/ros/humble /usr/bin/cmake --build /home/olin/github/workspace_prova/build/turtlesim -- -j8 -l8
[1.013s] Invoking command in '/home/olin/github/workspace_prova/build/turtlesim': CMAKE_PREFIX_PATH=${CMAKE_PREFIX_PATH}:/home/olin/github/workspace_prova/install/cli:/home/olin/github/workspace_prova/install/move-publish:/home/olin/github/PonderadaRosTurtlesim/install/ola_mundo:/home/olin/github/PonderadaRosTurtlesim/install/draw_circle:/home/olin/github/workspace_prova/install/ola_mundo:/opt/ros/humble /usr/bin/cmake --install /home/olin/github/workspace_prova/build/turtlesim
[1.019s] -- Install configuration: ""
[1.019s] -- Up-to-date: /home/olin/github/workspace_prova/install/turtlesim/share/ament_index/resource_index/rosidl_interfaces/turtlesim
[1.019s] -- Up-to-date: /home/olin/github/workspace_prova/install/turtlesim/include/turtlesim/turtlesim
[1.019s] -- Up-to-date: /home/olin/github/workspace_prova/install/turtlesim/include/turtlesim/turtlesim/msg
[1.019s] -- Up-to-date: /home/olin/github/workspace_prova/install/turtlesim/include/turtlesim/turtlesim/msg/pose.h
[1.019s] -- Up-to-date: /home/olin/github/workspace_prova/install/turtlesim/include/turtlesim/turtlesim/msg/rosidl_generator_c__visibility_control.h
[1.020s] -- Up-to-date: /home/olin/github/workspace_prova/install/turtlesim/include/turtlesim/turtlesim/msg/color.h
[1.020s] -- Up-to-date: /home/olin/github/workspace_prova/install/turtlesim/include/turtlesim/turtlesim/msg/detail
[1.020s] -- Up-to-date: /home/olin/github/workspace_prova/install/turtlesim/include/turtlesim/turtlesim/msg/detail/pose__functions.h
[1.020s] -- Up-to-date: /home/olin/github/workspace_prova/install/turtlesim/include/turtlesim/turtlesim/msg/detail/pose__functions.c
[1.020s] -- Up-to-date: /home/olin/github/workspace_prova/install/turtlesim/include/turtlesim/turtlesim/msg/detail/color__functions.h
[1.020s] -- Up-to-date: /home/olin/github/workspace_prova/install/turtlesim/include/turtlesim/turtlesim/msg/detail/pose__struct.h
[1.020s] -- Up-to-date: /home/olin/github/workspace_prova/install/turtlesim/include/turtlesim/turtlesim/msg/detail/pose__type_support.h
[1.020s] -- Up-to-date: /home/olin/github/workspace_prova/install/turtlesim/include/turtlesim/turtlesim/msg/detail/color__struct.h
[1.020s] -- Up-to-date: /home/olin/github/workspace_prova/install/turtlesim/include/turtlesim/turtlesim/msg/detail/color__functions.c
[1.020s] -- Up-to-date: /home/olin/github/workspace_prova/install/turtlesim/include/turtlesim/turtlesim/msg/detail/color__type_support.h
[1.020s] -- Up-to-date: /home/olin/github/workspace_prova/install/turtlesim/include/turtlesim/turtlesim/action
[1.020s] -- Up-to-date: /home/olin/github/workspace_prova/install/turtlesim/include/turtlesim/turtlesim/action/rotate_absolute.h
[1.020s] -- Up-to-date: /home/olin/github/workspace_prova/install/turtlesim/include/turtlesim/turtlesim/action/detail
[1.020s] -- Up-to-date: /home/olin/github/workspace_prova/install/turtlesim/include/turtlesim/turtlesim/action/detail/rotate_absolute__type_support.h
[1.020s] -- Up-to-date: /home/olin/github/workspace_prova/install/turtlesim/include/turtlesim/turtlesim/action/detail/rotate_absolute__functions.c
[1.020s] -- Up-to-date: /home/olin/github/workspace_prova/install/turtlesim/include/turtlesim/turtlesim/action/detail/rotate_absolute__functions.h
[1.020s] -- Up-to-date: /home/olin/github/workspace_prova/install/turtlesim/include/turtlesim/turtlesim/action/detail/rotate_absolute__struct.h
[1.020s] -- Up-to-date: /home/olin/github/workspace_prova/install/turtlesim/include/turtlesim/turtlesim/srv
[1.021s] -- Up-to-date: /home/olin/github/workspace_prova/install/turtlesim/include/turtlesim/turtlesim/srv/teleport_relative.h
[1.021s] -- Up-to-date: /home/olin/github/workspace_prova/install/turtlesim/include/turtlesim/turtlesim/srv/kill.h
[1.021s] -- Up-to-date: /home/olin/github/workspace_prova/install/turtlesim/include/turtlesim/turtlesim/srv/spawn.h
[1.021s] -- Up-to-date: /home/olin/github/workspace_prova/install/turtlesim/include/turtlesim/turtlesim/srv/set_pen.h
[1.021s] -- Up-to-date: /home/olin/github/workspace_prova/install/turtlesim/include/turtlesim/turtlesim/srv/teleport_absolute.h
[1.021s] -- Up-to-date: /home/olin/github/workspace_prova/install/turtlesim/include/turtlesim/turtlesim/srv/detail
[1.021s] -- Up-to-date: /home/olin/github/workspace_prova/install/turtlesim/include/turtlesim/turtlesim/srv/detail/kill__functions.h
[1.021s] -- Up-to-date: /home/olin/github/workspace_prova/install/turtlesim/include/turtlesim/turtlesim/srv/detail/spawn__struct.h
[1.021s] -- Up-to-date: /home/olin/github/workspace_prova/install/turtlesim/include/turtlesim/turtlesim/srv/detail/spawn__functions.c
[1.021s] -- Up-to-date: /home/olin/github/workspace_prova/install/turtlesim/include/turtlesim/turtlesim/srv/detail/kill__functions.c
[1.021s] -- Up-to-date: /home/olin/github/workspace_prova/install/turtlesim/include/turtlesim/turtlesim/srv/detail/teleport_absolute__struct.h
[1.021s] -- Up-to-date: /home/olin/github/workspace_prova/install/turtlesim/include/turtlesim/turtlesim/srv/detail/spawn__functions.h
[1.021s] -- Up-to-date: /home/olin/github/workspace_prova/install/turtlesim/include/turtlesim/turtlesim/srv/detail/set_pen__functions.h
[1.021s] -- Up-to-date: /home/olin/github/workspace_prova/install/turtlesim/include/turtlesim/turtlesim/srv/detail/teleport_relative__functions.c
[1.021s] -- Up-to-date: /home/olin/github/workspace_prova/install/turtlesim/include/turtlesim/turtlesim/srv/detail/teleport_absolute__type_support.h
[1.022s] -- Up-to-date: /home/olin/github/workspace_prova/install/turtlesim/include/turtlesim/turtlesim/srv/detail/teleport_absolute__functions.c
[1.022s] -- Up-to-date: /home/olin/github/workspace_prova/install/turtlesim/include/turtlesim/turtlesim/srv/detail/spawn__type_support.h
[1.022s] -- Up-to-date: /home/olin/github/workspace_prova/install/turtlesim/include/turtlesim/turtlesim/srv/detail/set_pen__type_support.h
[1.022s] -- Up-to-date: /home/olin/github/workspace_prova/install/turtlesim/include/turtlesim/turtlesim/srv/detail/set_pen__struct.h
[1.022s] -- Up-to-date: /home/olin/github/workspace_prova/install/turtlesim/include/turtlesim/turtlesim/srv/detail/set_pen__functions.c
[1.022s] -- Up-to-date: /home/olin/github/workspace_prova/install/turtlesim/include/turtlesim/turtlesim/srv/detail/teleport_relative__functions.h
[1.022s] -- Up-to-date: /home/olin/github/workspace_prova/install/turtlesim/include/turtlesim/turtlesim/srv/detail/kill__struct.h
[1.022s] -- Up-to-date: /home/olin/github/workspace_prova/install/turtlesim/include/turtlesim/turtlesim/srv/detail/teleport_relative__struct.h
[1.022s] -- Up-to-date: /home/olin/github/workspace_prova/install/turtlesim/include/turtlesim/turtlesim/srv/detail/teleport_relative__type_support.h
[1.022s] -- Up-to-date: /home/olin/github/workspace_prova/install/turtlesim/include/turtlesim/turtlesim/srv/detail/teleport_absolute__functions.h
[1.022s] -- Up-to-date: /home/olin/github/workspace_prova/install/turtlesim/include/turtlesim/turtlesim/srv/detail/kill__type_support.h
[1.022s] -- Up-to-date: /home/olin/github/workspace_prova/install/turtlesim/share/turtlesim/environment/library_path.sh
[1.022s] -- Up-to-date: /home/olin/github/workspace_prova/install/turtlesim/share/turtlesim/environment/library_path.dsv
[1.022s] -- Up-to-date: /home/olin/github/workspace_prova/install/turtlesim/lib/libturtlesim__rosidl_generator_c.so
[1.022s] -- Up-to-date: /home/olin/github/workspace_prova/install/turtlesim/include/turtlesim/turtlesim
[1.022s] -- Up-to-date: /home/olin/github/workspace_prova/install/turtlesim/include/turtlesim/turtlesim/msg
[1.022s] -- Up-to-date: /home/olin/github/workspace_prova/install/turtlesim/include/turtlesim/turtlesim/msg/rosidl_typesupport_fastrtps_c__visibility_control.h
[1.022s] -- Up-to-date: /home/olin/github/workspace_prova/install/turtlesim/include/turtlesim/turtlesim/msg/detail
[1.022s] -- Up-to-date: /home/olin/github/workspace_prova/install/turtlesim/include/turtlesim/turtlesim/msg/detail/color__rosidl_typesupport_fastrtps_c.h
[1.022s] -- Up-to-date: /home/olin/github/workspace_prova/install/turtlesim/include/turtlesim/turtlesim/msg/detail/pose__rosidl_typesupport_fastrtps_c.h
[1.022s] -- Up-to-date: /home/olin/github/workspace_prova/install/turtlesim/include/turtlesim/turtlesim/action
[1.023s] -- Up-to-date: /home/olin/github/workspace_prova/install/turtlesim/include/turtlesim/turtlesim/action/detail
[1.023s] -- Up-to-date: /home/olin/github/workspace_prova/install/turtlesim/include/turtlesim/turtlesim/action/detail/rotate_absolute__rosidl_typesupport_fastrtps_c.h
[1.023s] -- Up-to-date: /home/olin/github/workspace_prova/install/turtlesim/include/turtlesim/turtlesim/srv
[1.023s] -- Up-to-date: /home/olin/github/workspace_prova/install/turtlesim/include/turtlesim/turtlesim/srv/detail
[1.023s] -- Up-to-date: /home/olin/github/workspace_prova/install/turtlesim/include/turtlesim/turtlesim/srv/detail/teleport_absolute__rosidl_typesupport_fastrtps_c.h
[1.023s] -- Up-to-date: /home/olin/github/workspace_prova/install/turtlesim/include/turtlesim/turtlesim/srv/detail/teleport_relative__rosidl_typesupport_fastrtps_c.h
[1.023s] -- Up-to-date: /home/olin/github/workspace_prova/install/turtlesim/include/turtlesim/turtlesim/srv/detail/kill__rosidl_typesupport_fastrtps_c.h
[1.023s] -- Up-to-date: /home/olin/github/workspace_prova/install/turtlesim/include/turtlesim/turtlesim/srv/detail/spawn__rosidl_typesupport_fastrtps_c.h
[1.023s] -- Up-to-date: /home/olin/github/workspace_prova/install/turtlesim/include/turtlesim/turtlesim/srv/detail/set_pen__rosidl_typesupport_fastrtps_c.h
[1.023s] -- Up-to-date: /home/olin/github/workspace_prova/install/turtlesim/lib/libturtlesim__rosidl_typesupport_fastrtps_c.so
[1.023s] -- Up-to-date: /home/olin/github/workspace_prova/install/turtlesim/include/turtlesim/turtlesim
[1.023s] -- Up-to-date: /home/olin/github/workspace_prova/install/turtlesim/include/turtlesim/turtlesim/msg
[1.023s] -- Up-to-date: /home/olin/github/workspace_prova/install/turtlesim/include/turtlesim/turtlesim/msg/color.hpp
[1.023s] -- Up-to-date: /home/olin/github/workspace_prova/install/turtlesim/include/turtlesim/turtlesim/msg/pose.hpp
[1.023s] -- Up-to-date: /home/olin/github/workspace_prova/install/turtlesim/include/turtlesim/turtlesim/msg/detail
[1.023s] -- Up-to-date: /home/olin/github/workspace_prova/install/turtlesim/include/turtlesim/turtlesim/msg/detail/color__builder.hpp
[1.023s] -- Up-to-date: /home/olin/github/workspace_prova/install/turtlesim/include/turtlesim/turtlesim/msg/detail/color__traits.hpp
[1.023s] -- Up-to-date: /home/olin/github/workspace_prova/install/turtlesim/include/turtlesim/turtlesim/msg/detail/pose__builder.hpp
[1.023s] -- Up-to-date: /home/olin/github/workspace_prova/install/turtlesim/include/turtlesim/turtlesim/msg/detail/color__struct.hpp
[1.023s] -- Up-to-date: /home/olin/github/workspace_prova/install/turtlesim/include/turtlesim/turtlesim/msg/detail/pose__struct.hpp
[1.023s] -- Up-to-date: /home/olin/github/workspace_prova/install/turtlesim/include/turtlesim/turtlesim/msg/detail/pose__traits.hpp
[1.023s] -- Up-to-date: /home/olin/github/workspace_prova/install/turtlesim/include/turtlesim/turtlesim/action
[1.023s] -- Up-to-date: /home/olin/github/workspace_prova/install/turtlesim/include/turtlesim/turtlesim/action/rotate_absolute.hpp
[1.023s] -- Up-to-date: /home/olin/github/workspace_prova/install/turtlesim/include/turtlesim/turtlesim/action/detail
[1.024s] -- Up-to-date: /home/olin/github/workspace_prova/install/turtlesim/include/turtlesim/turtlesim/action/detail/rotate_absolute__struct.hpp
[1.024s] -- Up-to-date: /home/olin/github/workspace_prova/install/turtlesim/include/turtlesim/turtlesim/action/detail/rotate_absolute__traits.hpp
[1.024s] -- Up-to-date: /home/olin/github/workspace_prova/install/turtlesim/include/turtlesim/turtlesim/action/detail/rotate_absolute__builder.hpp
[1.024s] -- Up-to-date: /home/olin/github/workspace_prova/install/turtlesim/include/turtlesim/turtlesim/srv
[1.024s] -- Up-to-date: /home/olin/github/workspace_prova/install/turtlesim/include/turtlesim/turtlesim/srv/teleport_absolute.hpp
[1.024s] -- Up-to-date: /home/olin/github/workspace_prova/install/turtlesim/include/turtlesim/turtlesim/srv/set_pen.hpp
[1.024s] -- Up-to-date: /home/olin/github/workspace_prova/install/turtlesim/include/turtlesim/turtlesim/srv/spawn.hpp
[1.024s] -- Up-to-date: /home/olin/github/workspace_prova/install/turtlesim/include/turtlesim/turtlesim/srv/teleport_relative.hpp
[1.024s] -- Up-to-date: /home/olin/github/workspace_prova/install/turtlesim/include/turtlesim/turtlesim/srv/detail
[1.024s] -- Up-to-date: /home/olin/github/workspace_prova/install/turtlesim/include/turtlesim/turtlesim/srv/detail/teleport_absolute__traits.hpp
[1.024s] -- Up-to-date: /home/olin/github/workspace_prova/install/turtlesim/include/turtlesim/turtlesim/srv/detail/kill__traits.hpp
[1.024s] -- Up-to-date: /home/olin/github/workspace_prova/install/turtlesim/include/turtlesim/turtlesim/srv/detail/teleport_absolute__builder.hpp
[1.024s] -- Up-to-date: /home/olin/github/workspace_prova/install/turtlesim/include/turtlesim/turtlesim/srv/detail/teleport_absolute__struct.hpp
[1.024s] -- Up-to-date: /home/olin/github/workspace_prova/install/turtlesim/include/turtlesim/turtlesim/srv/detail/set_pen__builder.hpp
[1.024s] -- Up-to-date: /home/olin/github/workspace_prova/install/turtlesim/include/turtlesim/turtlesim/srv/detail/spawn__builder.hpp
[1.024s] -- Up-to-date: /home/olin/github/workspace_prova/install/turtlesim/include/turtlesim/turtlesim/srv/detail/set_pen__struct.hpp
[1.024s] -- Up-to-date: /home/olin/github/workspace_prova/install/turtlesim/include/turtlesim/turtlesim/srv/detail/kill__struct.hpp
[1.024s] -- Up-to-date: /home/olin/github/workspace_prova/install/turtlesim/include/turtlesim/turtlesim/srv/detail/teleport_relative__traits.hpp
[1.024s] -- Up-to-date: /home/olin/github/workspace_prova/install/turtlesim/include/turtlesim/turtlesim/srv/detail/teleport_relative__struct.hpp
[1.024s] -- Up-to-date: /home/olin/github/workspace_prova/install/turtlesim/include/turtlesim/turtlesim/srv/detail/teleport_relative__builder.hpp
[1.024s] -- Up-to-date: /home/olin/github/workspace_prova/install/turtlesim/include/turtlesim/turtlesim/srv/detail/set_pen__traits.hpp
[1.024s] -- Up-to-date: /home/olin/github/workspace_prova/install/turtlesim/include/turtlesim/turtlesim/srv/detail/spawn__traits.hpp
[1.024s] -- Up-to-date: /home/olin/github/workspace_prova/install/turtlesim/include/turtlesim/turtlesim/srv/detail/spawn__struct.hpp
[1.024s] -- Up-to-date: /home/olin/github/workspace_prova/install/turtlesim/include/turtlesim/turtlesim/srv/detail/kill__builder.hpp
[1.024s] -- Up-to-date: /home/olin/github/workspace_prova/install/turtlesim/include/turtlesim/turtlesim/srv/kill.hpp
[1.025s] -- Up-to-date: /home/olin/github/workspace_prova/install/turtlesim/include/turtlesim/turtlesim
[1.025s] -- Up-to-date: /home/olin/github/workspace_prova/install/turtlesim/include/turtlesim/turtlesim/msg
[1.025s] -- Up-to-date: /home/olin/github/workspace_prova/install/turtlesim/include/turtlesim/turtlesim/msg/rosidl_typesupport_fastrtps_cpp__visibility_control.h
[1.025s] -- Up-to-date: /home/olin/github/workspace_prova/install/turtlesim/include/turtlesim/turtlesim/msg/detail
[1.025s] -- Up-to-date: /home/olin/github/workspace_prova/install/turtlesim/include/turtlesim/turtlesim/msg/detail/color__rosidl_typesupport_fastrtps_cpp.hpp
[1.025s] -- Up-to-date: /home/olin/github/workspace_prova/install/turtlesim/include/turtlesim/turtlesim/msg/detail/pose__rosidl_typesupport_fastrtps_cpp.hpp
[1.025s] -- Up-to-date: /home/olin/github/workspace_prova/install/turtlesim/include/turtlesim/turtlesim/msg/detail/dds_fastrtps
[1.025s] -- Up-to-date: /home/olin/github/workspace_prova/install/turtlesim/include/turtlesim/turtlesim/action
[1.025s] -- Up-to-date: /home/olin/github/workspace_prova/install/turtlesim/include/turtlesim/turtlesim/action/detail
[1.025s] -- Up-to-date: /home/olin/github/workspace_prova/install/turtlesim/include/turtlesim/turtlesim/action/detail/rotate_absolute__rosidl_typesupport_fastrtps_cpp.hpp
[1.025s] -- Up-to-date: /home/olin/github/workspace_prova/install/turtlesim/include/turtlesim/turtlesim/action/detail/dds_fastrtps
[1.025s] -- Up-to-date: /home/olin/github/workspace_prova/install/turtlesim/include/turtlesim/turtlesim/srv
[1.025s] -- Up-to-date: /home/olin/github/workspace_prova/install/turtlesim/include/turtlesim/turtlesim/srv/detail
[1.025s] -- Up-to-date: /home/olin/github/workspace_prova/install/turtlesim/include/turtlesim/turtlesim/srv/detail/teleport_relative__rosidl_typesupport_fastrtps_cpp.hpp
[1.025s] -- Up-to-date: /home/olin/github/workspace_prova/install/turtlesim/include/turtlesim/turtlesim/srv/detail/kill__rosidl_typesupport_fastrtps_cpp.hpp
[1.025s] -- Up-to-date: /home/olin/github/workspace_prova/install/turtlesim/include/turtlesim/turtlesim/srv/detail/set_pen__rosidl_typesupport_fastrtps_cpp.hpp
[1.025s] -- Up-to-date: /home/olin/github/workspace_prova/install/turtlesim/include/turtlesim/turtlesim/srv/detail/spawn__rosidl_typesupport_fastrtps_cpp.hpp
[1.025s] -- Up-to-date: /home/olin/github/workspace_prova/install/turtlesim/include/turtlesim/turtlesim/srv/detail/teleport_absolute__rosidl_typesupport_fastrtps_cpp.hpp
[1.025s] -- Up-to-date: /home/olin/github/workspace_prova/install/turtlesim/include/turtlesim/turtlesim/srv/detail/dds_fastrtps
[1.025s] -- Up-to-date: /home/olin/github/workspace_prova/install/turtlesim/lib/libturtlesim__rosidl_typesupport_fastrtps_cpp.so
[1.025s] -- Up-to-date: /home/olin/github/workspace_prova/install/turtlesim/include/turtlesim/turtlesim
[1.025s] -- Up-to-date: /home/olin/github/workspace_prova/install/turtlesim/include/turtlesim/turtlesim/msg
[1.025s] -- Up-to-date: /home/olin/github/workspace_prova/install/turtlesim/include/turtlesim/turtlesim/msg/rosidl_typesupport_introspection_c__visibility_control.h
[1.025s] -- Up-to-date: /home/olin/github/workspace_prova/install/turtlesim/include/turtlesim/turtlesim/msg/detail
[1.025s] -- Up-to-date: /home/olin/github/workspace_prova/install/turtlesim/include/turtlesim/turtlesim/msg/detail/pose__type_support.c
[1.025s] -- Up-to-date: /home/olin/github/workspace_prova/install/turtlesim/include/turtlesim/turtlesim/msg/detail/pose__rosidl_typesupport_introspection_c.h
[1.026s] -- Up-to-date: /home/olin/github/workspace_prova/install/turtlesim/include/turtlesim/turtlesim/msg/detail/color__rosidl_typesupport_introspection_c.h
[1.026s] -- Up-to-date: /home/olin/github/workspace_prova/install/turtlesim/include/turtlesim/turtlesim/msg/detail/color__type_support.c
[1.026s] -- Up-to-date: /home/olin/github/workspace_prova/install/turtlesim/include/turtlesim/turtlesim/action
[1.026s] -- Up-to-date: /home/olin/github/workspace_prova/install/turtlesim/include/turtlesim/turtlesim/action/detail
[1.026s] -- Up-to-date: /home/olin/github/workspace_prova/install/turtlesim/include/turtlesim/turtlesim/action/detail/rotate_absolute__rosidl_typesupport_introspection_c.h
[1.026s] -- Up-to-date: /home/olin/github/workspace_prova/install/turtlesim/include/turtlesim/turtlesim/action/detail/rotate_absolute__type_support.c
[1.026s] -- Up-to-date: /home/olin/github/workspace_prova/install/turtlesim/include/turtlesim/turtlesim/srv
[1.026s] -- Up-to-date: /home/olin/github/workspace_prova/install/turtlesim/include/turtlesim/turtlesim/srv/detail
[1.026s] -- Up-to-date: /home/olin/github/workspace_prova/install/turtlesim/include/turtlesim/turtlesim/srv/detail/teleport_absolute__type_support.c
[1.026s] -- Up-to-date: /home/olin/github/workspace_prova/install/turtlesim/include/turtlesim/turtlesim/srv/detail/teleport_absolute__rosidl_typesupport_introspection_c.h
[1.026s] -- Up-to-date: /home/olin/github/workspace_prova/install/turtlesim/include/turtlesim/turtlesim/srv/detail/kill__type_support.c
[1.026s] -- Up-to-date: /home/olin/github/workspace_prova/install/turtlesim/include/turtlesim/turtlesim/srv/detail/teleport_relative__type_support.c
[1.026s] -- Up-to-date: /home/olin/github/workspace_prova/install/turtlesim/include/turtlesim/turtlesim/srv/detail/spawn__rosidl_typesupport_introspection_c.h
[1.026s] -- Up-to-date: /home/olin/github/workspace_prova/install/turtlesim/include/turtlesim/turtlesim/srv/detail/set_pen__rosidl_typesupport_introspection_c.h
[1.026s] -- Up-to-date: /home/olin/github/workspace_prova/install/turtlesim/include/turtlesim/turtlesim/srv/detail/teleport_relative__rosidl_typesupport_introspection_c.h
[1.026s] -- Up-to-date: /home/olin/github/workspace_prova/install/turtlesim/include/turtlesim/turtlesim/srv/detail/spawn__type_support.c
[1.026s] -- Up-to-date: /home/olin/github/workspace_prova/install/turtlesim/include/turtlesim/turtlesim/srv/detail/kill__rosidl_typesupport_introspection_c.h
[1.026s] -- Up-to-date: /home/olin/github/workspace_prova/install/turtlesim/include/turtlesim/turtlesim/srv/detail/set_pen__type_support.c
[1.026s] -- Up-to-date: /home/olin/github/workspace_prova/install/turtlesim/lib/libturtlesim__rosidl_typesupport_introspection_c.so
[1.026s] -- Up-to-date: /home/olin/github/workspace_prova/install/turtlesim/lib/libturtlesim__rosidl_typesupport_c.so
[1.026s] -- Up-to-date: /home/olin/github/workspace_prova/install/turtlesim/include/turtlesim/turtlesim
[1.026s] -- Up-to-date: /home/olin/github/workspace_prova/install/turtlesim/include/turtlesim/turtlesim/msg
[1.026s] -- Up-to-date: /home/olin/github/workspace_prova/install/turtlesim/include/turtlesim/turtlesim/msg/detail
[1.026s] -- Up-to-date: /home/olin/github/workspace_prova/install/turtlesim/include/turtlesim/turtlesim/msg/detail/color__rosidl_typesupport_introspection_cpp.hpp
[1.026s] -- Up-to-date: /home/olin/github/workspace_prova/install/turtlesim/include/turtlesim/turtlesim/msg/detail/pose__type_support.cpp
[1.026s] -- Up-to-date: /home/olin/github/workspace_prova/install/turtlesim/include/turtlesim/turtlesim/msg/detail/color__type_support.cpp
[1.026s] -- Up-to-date: /home/olin/github/workspace_prova/install/turtlesim/include/turtlesim/turtlesim/msg/detail/pose__rosidl_typesupport_introspection_cpp.hpp
[1.026s] -- Up-to-date: /home/olin/github/workspace_prova/install/turtlesim/include/turtlesim/turtlesim/action
[1.026s] -- Up-to-date: /home/olin/github/workspace_prova/install/turtlesim/include/turtlesim/turtlesim/action/detail
[1.027s] -- Up-to-date: /home/olin/github/workspace_prova/install/turtlesim/include/turtlesim/turtlesim/action/detail/rotate_absolute__type_support.cpp
[1.027s] -- Up-to-date: /home/olin/github/workspace_prova/install/turtlesim/include/turtlesim/turtlesim/action/detail/rotate_absolute__rosidl_typesupport_introspection_cpp.hpp
[1.027s] -- Up-to-date: /home/olin/github/workspace_prova/install/turtlesim/include/turtlesim/turtlesim/srv
[1.027s] -- Up-to-date: /home/olin/github/workspace_prova/install/turtlesim/include/turtlesim/turtlesim/srv/detail
[1.027s] -- Up-to-date: /home/olin/github/workspace_prova/install/turtlesim/include/turtlesim/turtlesim/srv/detail/kill__type_support.cpp
[1.027s] -- Up-to-date: /home/olin/github/workspace_prova/install/turtlesim/include/turtlesim/turtlesim/srv/detail/kill__rosidl_typesupport_introspection_cpp.hpp
[1.027s] -- Up-to-date: /home/olin/github/workspace_prova/install/turtlesim/include/turtlesim/turtlesim/srv/detail/spawn__rosidl_typesupport_introspection_cpp.hpp
[1.027s] -- Up-to-date: /home/olin/github/workspace_prova/install/turtlesim/include/turtlesim/turtlesim/srv/detail/teleport_absolute__rosidl_typesupport_introspection_cpp.hpp
[1.027s] -- Up-to-date: /home/olin/github/workspace_prova/install/turtlesim/include/turtlesim/turtlesim/srv/detail/set_pen__type_support.cpp
[1.027s] -- Up-to-date: /home/olin/github/workspace_prova/install/turtlesim/include/turtlesim/turtlesim/srv/detail/teleport_relative__type_support.cpp
[1.027s] -- Up-to-date: /home/olin/github/workspace_prova/install/turtlesim/include/turtlesim/turtlesim/srv/detail/teleport_relative__rosidl_typesupport_introspection_cpp.hpp
[1.027s] -- Up-to-date: /home/olin/github/workspace_prova/install/turtlesim/include/turtlesim/turtlesim/srv/detail/set_pen__rosidl_typesupport_introspection_cpp.hpp
[1.027s] -- Up-to-date: /home/olin/github/workspace_prova/install/turtlesim/include/turtlesim/turtlesim/srv/detail/teleport_absolute__type_support.cpp
[1.027s] -- Up-to-date: /home/olin/github/workspace_prova/install/turtlesim/include/turtlesim/turtlesim/srv/detail/spawn__type_support.cpp
[1.027s] -- Up-to-date: /home/olin/github/workspace_prova/install/turtlesim/lib/libturtlesim__rosidl_typesupport_introspection_cpp.so
[1.027s] -- Up-to-date: /home/olin/github/workspace_prova/install/turtlesim/lib/libturtlesim__rosidl_typesupport_cpp.so
[1.027s] -- Up-to-date: /home/olin/github/workspace_prova/install/turtlesim/share/turtlesim/environment/pythonpath.sh
[1.027s] -- Up-to-date: /home/olin/github/workspace_prova/install/turtlesim/share/turtlesim/environment/pythonpath.dsv
[1.027s] -- Up-to-date: /home/olin/github/workspace_prova/install/turtlesim/local/lib/python3.10/dist-packages/turtlesim-1.4.2-py3.10.egg-info
[1.027s] -- Installing: /home/olin/github/workspace_prova/install/turtlesim/local/lib/python3.10/dist-packages/turtlesim-1.4.2-py3.10.egg-info/SOURCES.txt
[1.027s] -- Installing: /home/olin/github/workspace_prova/install/turtlesim/local/lib/python3.10/dist-packages/turtlesim-1.4.2-py3.10.egg-info/top_level.txt
[1.027s] -- Installing: /home/olin/github/workspace_prova/install/turtlesim/local/lib/python3.10/dist-packages/turtlesim-1.4.2-py3.10.egg-info/PKG-INFO
[1.027s] -- Installing: /home/olin/github/workspace_prova/install/turtlesim/local/lib/python3.10/dist-packages/turtlesim-1.4.2-py3.10.egg-info/dependency_links.txt
[1.027s] -- Up-to-date: /home/olin/github/workspace_prova/install/turtlesim/local/lib/python3.10/dist-packages/turtlesim
[1.027s] -- Up-to-date: /home/olin/github/workspace_prova/install/turtlesim/local/lib/python3.10/dist-packages/turtlesim/turtlesim_s__rosidl_typesupport_fastrtps_c.cpython-310-x86_64-linux-gnu.so
[1.027s] -- Up-to-date: /home/olin/github/workspace_prova/install/turtlesim/local/lib/python3.10/dist-packages/turtlesim/msg
[1.027s] -- Up-to-date: /home/olin/github/workspace_prova/install/turtlesim/local/lib/python3.10/dist-packages/turtlesim/msg/_pose.py
[1.027s] -- Up-to-date: /home/olin/github/workspace_prova/install/turtlesim/local/lib/python3.10/dist-packages/turtlesim/msg/_pose_s.c
[1.027s] -- Up-to-date: /home/olin/github/workspace_prova/install/turtlesim/local/lib/python3.10/dist-packages/turtlesim/msg/__init__.py
[1.027s] -- Up-to-date: /home/olin/github/workspace_prova/install/turtlesim/local/lib/python3.10/dist-packages/turtlesim/msg/_color.py
[1.028s] -- Up-to-date: /home/olin/github/workspace_prova/install/turtlesim/local/lib/python3.10/dist-packages/turtlesim/msg/_color_s.c
[1.028s] -- Up-to-date: /home/olin/github/workspace_prova/install/turtlesim/local/lib/python3.10/dist-packages/turtlesim/_turtlesim_s.ep.rosidl_typesupport_c.c
[1.028s] -- Up-to-date: /home/olin/github/workspace_prova/install/turtlesim/local/lib/python3.10/dist-packages/turtlesim/__init__.py
[1.028s] -- Up-to-date: /home/olin/github/workspace_prova/install/turtlesim/local/lib/python3.10/dist-packages/turtlesim/turtlesim_s__rosidl_typesupport_c.cpython-310-x86_64-linux-gnu.so
[1.028s] -- Up-to-date: /home/olin/github/workspace_prova/install/turtlesim/local/lib/python3.10/dist-packages/turtlesim/_turtlesim_s.ep.rosidl_typesupport_fastrtps_c.c
[1.028s] -- Up-to-date: /home/olin/github/workspace_prova/install/turtlesim/local/lib/python3.10/dist-packages/turtlesim/turtlesim_s__rosidl_typesupport_introspection_c.cpython-310-x86_64-linux-gnu.so
[1.028s] -- Up-to-date: /home/olin/github/workspace_prova/install/turtlesim/local/lib/python3.10/dist-packages/turtlesim/action
[1.028s] -- Up-to-date: /home/olin/github/workspace_prova/install/turtlesim/local/lib/python3.10/dist-packages/turtlesim/action/_rotate_absolute_s.c
[1.028s] -- Up-to-date: /home/olin/github/workspace_prova/install/turtlesim/local/lib/python3.10/dist-packages/turtlesim/action/__init__.py
[1.028s] -- Up-to-date: /home/olin/github/workspace_prova/install/turtlesim/local/lib/python3.10/dist-packages/turtlesim/action/_rotate_absolute.py
[1.028s] -- Up-to-date: /home/olin/github/workspace_prova/install/turtlesim/local/lib/python3.10/dist-packages/turtlesim/_turtlesim_s.ep.rosidl_typesupport_introspection_c.c
[1.028s] -- Up-to-date: /home/olin/github/workspace_prova/install/turtlesim/local/lib/python3.10/dist-packages/turtlesim/libturtlesim__rosidl_generator_py.so
[1.028s] -- Up-to-date: /home/olin/github/workspace_prova/install/turtlesim/local/lib/python3.10/dist-packages/turtlesim/srv
[1.028s] -- Up-to-date: /home/olin/github/workspace_prova/install/turtlesim/local/lib/python3.10/dist-packages/turtlesim/srv/_set_pen_s.c
[1.028s] -- Up-to-date: /home/olin/github/workspace_prova/install/turtlesim/local/lib/python3.10/dist-packages/turtlesim/srv/_kill_s.c
[1.028s] -- Up-to-date: /home/olin/github/workspace_prova/install/turtlesim/local/lib/python3.10/dist-packages/turtlesim/srv/_teleport_relative_s.c
[1.028s] -- Up-to-date: /home/olin/github/workspace_prova/install/turtlesim/local/lib/python3.10/dist-packages/turtlesim/srv/_teleport_absolute_s.c
[1.028s] -- Up-to-date: /home/olin/github/workspace_prova/install/turtlesim/local/lib/python3.10/dist-packages/turtlesim/srv/_spawn.py
[1.028s] -- Up-to-date: /home/olin/github/workspace_prova/install/turtlesim/local/lib/python3.10/dist-packages/turtlesim/srv/_set_pen.py
[1.028s] -- Up-to-date: /home/olin/github/workspace_prova/install/turtlesim/local/lib/python3.10/dist-packages/turtlesim/srv/_teleport_absolute.py
[1.028s] -- Up-to-date: /home/olin/github/workspace_prova/install/turtlesim/local/lib/python3.10/dist-packages/turtlesim/srv/__init__.py
[1.028s] -- Up-to-date: /home/olin/github/workspace_prova/install/turtlesim/local/lib/python3.10/dist-packages/turtlesim/srv/_kill.py
[1.028s] -- Up-to-date: /home/olin/github/workspace_prova/install/turtlesim/local/lib/python3.10/dist-packages/turtlesim/srv/_teleport_relative.py
[1.028s] -- Up-to-date: /home/olin/github/workspace_prova/install/turtlesim/local/lib/python3.10/dist-packages/turtlesim/srv/_spawn_s.c
[1.047s] Listing '/home/olin/github/workspace_prova/install/turtlesim/local/lib/python3.10/dist-packages/turtlesim'...
[1.047s] Listing '/home/olin/github/workspace_prova/install/turtlesim/local/lib/python3.10/dist-packages/turtlesim/action'...
[1.047s] Listing '/home/olin/github/workspace_prova/install/turtlesim/local/lib/python3.10/dist-packages/turtlesim/msg'...
[1.047s] Listing '/home/olin/github/workspace_prova/install/turtlesim/local/lib/python3.10/dist-packages/turtlesim/srv'...
[1.050s] -- Up-to-date: /home/olin/github/workspace_prova/install/turtlesim/local/lib/python3.10/dist-packages/turtlesim/turtlesim_s__rosidl_typesupport_fastrtps_c.cpython-310-x86_64-linux-gnu.so
[1.050s] -- Up-to-date: /home/olin/github/workspace_prova/install/turtlesim/local/lib/python3.10/dist-packages/turtlesim/turtlesim_s__rosidl_typesupport_introspection_c.cpython-310-x86_64-linux-gnu.so
[1.050s] -- Up-to-date: /home/olin/github/workspace_prova/install/turtlesim/local/lib/python3.10/dist-packages/turtlesim/turtlesim_s__rosidl_typesupport_c.cpython-310-x86_64-linux-gnu.so
[1.050s] -- Up-to-date: /home/olin/github/workspace_prova/install/turtlesim/lib/libturtlesim__rosidl_generator_py.so
[1.050s] -- Up-to-date: /home/olin/github/workspace_prova/install/turtlesim/share/turtlesim/action/RotateAbsolute.idl
[1.050s] -- Up-to-date: /home/olin/github/workspace_prova/install/turtlesim/share/turtlesim/msg/Color.idl
[1.050s] -- Up-to-date: /home/olin/github/workspace_prova/install/turtlesim/share/turtlesim/msg/Pose.idl
[1.051s] -- Up-to-date: /home/olin/github/workspace_prova/install/turtlesim/share/turtlesim/srv/Kill.idl
[1.051s] -- Up-to-date: /home/olin/github/workspace_prova/install/turtlesim/share/turtlesim/srv/SetPen.idl
[1.051s] -- Up-to-date: /home/olin/github/workspace_prova/install/turtlesim/share/turtlesim/srv/Spawn.idl
[1.051s] -- Up-to-date: /home/olin/github/workspace_prova/install/turtlesim/share/turtlesim/srv/TeleportAbsolute.idl
[1.051s] -- Up-to-date: /home/olin/github/workspace_prova/install/turtlesim/share/turtlesim/srv/TeleportRelative.idl
[1.051s] -- Up-to-date: /home/olin/github/workspace_prova/install/turtlesim/share/turtlesim/action/RotateAbsolute.action
[1.051s] -- Up-to-date: /home/olin/github/workspace_prova/install/turtlesim/share/turtlesim/msg/Color.msg
[1.051s] -- Up-to-date: /home/olin/github/workspace_prova/install/turtlesim/share/turtlesim/msg/Pose.msg
[1.051s] -- Up-to-date: /home/olin/github/workspace_prova/install/turtlesim/share/turtlesim/srv/Kill.srv
[1.051s] -- Up-to-date: /home/olin/github/workspace_prova/install/turtlesim/share/turtlesim/srv/Kill_Request.msg
[1.051s] -- Up-to-date: /home/olin/github/workspace_prova/install/turtlesim/share/turtlesim/srv/Kill_Response.msg
[1.051s] -- Up-to-date: /home/olin/github/workspace_prova/install/turtlesim/share/turtlesim/srv/SetPen.srv
[1.051s] -- Up-to-date: /home/olin/github/workspace_prova/install/turtlesim/share/turtlesim/srv/SetPen_Request.msg
[1.051s] -- Up-to-date: /home/olin/github/workspace_prova/install/turtlesim/share/turtlesim/srv/SetPen_Response.msg
[1.051s] -- Up-to-date: /home/olin/github/workspace_prova/install/turtlesim/share/turtlesim/srv/Spawn.srv
[1.051s] -- Up-to-date: /home/olin/github/workspace_prova/install/turtlesim/share/turtlesim/srv/Spawn_Request.msg
[1.051s] -- Up-to-date: /home/olin/github/workspace_prova/install/turtlesim/share/turtlesim/srv/Spawn_Response.msg
[1.051s] -- Up-to-date: /home/olin/github/workspace_prova/install/turtlesim/share/turtlesim/srv/TeleportAbsolute.srv
[1.051s] -- Up-to-date: /home/olin/github/workspace_prova/install/turtlesim/share/turtlesim/srv/TeleportAbsolute_Request.msg
[1.051s] -- Up-to-date: /home/olin/github/workspace_prova/install/turtlesim/share/turtlesim/srv/TeleportAbsolute_Response.msg
[1.051s] -- Up-to-date: /home/olin/github/workspace_prova/install/turtlesim/share/turtlesim/srv/TeleportRelative.srv
[1.051s] -- Up-to-date: /home/olin/github/workspace_prova/install/turtlesim/share/turtlesim/srv/TeleportRelative_Request.msg
[1.051s] -- Up-to-date: /home/olin/github/workspace_prova/install/turtlesim/share/turtlesim/srv/TeleportRelative_Response.msg
[1.052s] -- Up-to-date: /home/olin/github/workspace_prova/install/turtlesim/lib/turtlesim/turtlesim_node
[1.052s] -- Up-to-date: /home/olin/github/workspace_prova/install/turtlesim/lib/turtlesim/turtle_teleop_key
[1.052s] -- Up-to-date: /home/olin/github/workspace_prova/install/turtlesim/lib/turtlesim/draw_square
[1.052s] -- Up-to-date: /home/olin/github/workspace_prova/install/turtlesim/lib/turtlesim/mimic
[1.052s] -- Up-to-date: /home/olin/github/workspace_prova/install/turtlesim/share/turtlesim/images
[1.052s] -- Up-to-date: /home/olin/github/workspace_prova/install/turtlesim/share/turtlesim/images/eloquent.png
[1.052s] -- Up-to-date: /home/olin/github/workspace_prova/install/turtlesim/share/turtlesim/images/bouncy.png
[1.052s] -- Up-to-date: /home/olin/github/workspace_prova/install/turtlesim/share/turtlesim/images/foxy.png
[1.052s] -- Up-to-date: /home/olin/github/workspace_prova/install/turtlesim/share/turtlesim/images/rolling.png
[1.052s] -- Up-to-date: /home/olin/github/workspace_prova/install/turtlesim/share/turtlesim/images/ardent.png
[1.052s] -- Up-to-date: /home/olin/github/workspace_prova/install/turtlesim/share/turtlesim/images/dashing.png
[1.052s] -- Up-to-date: /home/olin/github/workspace_prova/install/turtlesim/share/turtlesim/images/galactic.png
[1.052s] -- Up-to-date: /home/olin/github/workspace_prova/install/turtlesim/share/turtlesim/images/humble.png
[1.052s] -- Up-to-date: /home/olin/github/workspace_prova/install/turtlesim/share/turtlesim/images/crystal.png
[1.052s] -- Up-to-date: /home/olin/github/workspace_prova/install/turtlesim/share/turtlesim/launch
[1.052s] -- Up-to-date: /home/olin/github/workspace_prova/install/turtlesim/share/turtlesim/launch/multisim.launch.py
[1.052s] -- Up-to-date: /home/olin/github/workspace_prova/install/turtlesim/share/ament_index/resource_index/package_run_dependencies/turtlesim
[1.052s] -- Up-to-date: /home/olin/github/workspace_prova/install/turtlesim/share/ament_index/resource_index/parent_prefix_path/turtlesim
[1.052s] -- Up-to-date: /home/olin/github/workspace_prova/install/turtlesim/share/turtlesim/environment/ament_prefix_path.sh
[1.052s] -- Up-to-date: /home/olin/github/workspace_prova/install/turtlesim/share/turtlesim/environment/ament_prefix_path.dsv
[1.052s] -- Up-to-date: /home/olin/github/workspace_prova/install/turtlesim/share/turtlesim/environment/path.sh
[1.052s] -- Up-to-date: /home/olin/github/workspace_prova/install/turtlesim/share/turtlesim/environment/path.dsv
[1.052s] -- Up-to-date: /home/olin/github/workspace_prova/install/turtlesim/share/turtlesim/local_setup.bash
[1.053s] -- Up-to-date: /home/olin/github/workspace_prova/install/turtlesim/share/turtlesim/local_setup.sh
[1.053s] -- Up-to-date: /home/olin/github/workspace_prova/install/turtlesim/share/turtlesim/local_setup.zsh
[1.053s] -- Up-to-date: /home/olin/github/workspace_prova/install/turtlesim/share/turtlesim/local_setup.dsv
[1.053s] -- Installing: /home/olin/github/workspace_prova/install/turtlesim/share/turtlesim/package.dsv
[1.053s] -- Up-to-date: /home/olin/github/workspace_prova/install/turtlesim/share/ament_index/resource_index/packages/turtlesim
[1.053s] -- Up-to-date: /home/olin/github/workspace_prova/install/turtlesim/share/turtlesim/cmake/export_turtlesim__rosidl_generator_cExport.cmake
[1.053s] -- Up-to-date: /home/olin/github/workspace_prova/install/turtlesim/share/turtlesim/cmake/export_turtlesim__rosidl_generator_cExport-noconfig.cmake
[1.053s] -- Up-to-date: /home/olin/github/workspace_prova/install/turtlesim/share/turtlesim/cmake/export_turtlesim__rosidl_typesupport_fastrtps_cExport.cmake
[1.053s] -- Up-to-date: /home/olin/github/workspace_prova/install/turtlesim/share/turtlesim/cmake/export_turtlesim__rosidl_typesupport_fastrtps_cExport-noconfig.cmake
[1.053s] -- Up-to-date: /home/olin/github/workspace_prova/install/turtlesim/share/turtlesim/cmake/export_turtlesim__rosidl_generator_cppExport.cmake
[1.053s] -- Up-to-date: /home/olin/github/workspace_prova/install/turtlesim/share/turtlesim/cmake/export_turtlesim__rosidl_typesupport_fastrtps_cppExport.cmake
[1.053s] -- Up-to-date: /home/olin/github/workspace_prova/install/turtlesim/share/turtlesim/cmake/export_turtlesim__rosidl_typesupport_fastrtps_cppExport-noconfig.cmake
[1.053s] -- Up-to-date: /home/olin/github/workspace_prova/install/turtlesim/share/turtlesim/cmake/turtlesim__rosidl_typesupport_introspection_cExport.cmake
[1.053s] -- Up-to-date: /home/olin/github/workspace_prova/install/turtlesim/share/turtlesim/cmake/turtlesim__rosidl_typesupport_introspection_cExport-noconfig.cmake
[1.053s] -- Up-to-date: /home/olin/github/workspace_prova/install/turtlesim/share/turtlesim/cmake/turtlesim__rosidl_typesupport_cExport.cmake
[1.053s] -- Up-to-date: /home/olin/github/workspace_prova/install/turtlesim/share/turtlesim/cmake/turtlesim__rosidl_typesupport_cExport-noconfig.cmake
[1.053s] -- Up-to-date: /home/olin/github/workspace_prova/install/turtlesim/share/turtlesim/cmake/turtlesim__rosidl_typesupport_introspection_cppExport.cmake
[1.053s] -- Up-to-date: /home/olin/github/workspace_prova/install/turtlesim/share/turtlesim/cmake/turtlesim__rosidl_typesupport_introspection_cppExport-noconfig.cmake
[1.053s] -- Up-to-date: /home/olin/github/workspace_prova/install/turtlesim/share/turtlesim/cmake/turtlesim__rosidl_typesupport_cppExport.cmake
[1.053s] -- Up-to-date: /home/olin/github/workspace_prova/install/turtlesim/share/turtlesim/cmake/turtlesim__rosidl_typesupport_cppExport-noconfig.cmake
[1.053s] -- Up-to-date: /home/olin/github/workspace_prova/install/turtlesim/share/turtlesim/cmake/export_turtlesim__rosidl_generator_pyExport.cmake
[1.054s] -- Up-to-date: /home/olin/github/workspace_prova/install/turtlesim/share/turtlesim/cmake/export_turtlesim__rosidl_generator_pyExport-noconfig.cmake
[1.054s] -- Up-to-date: /home/olin/github/workspace_prova/install/turtlesim/share/turtlesim/cmake/rosidl_cmake-extras.cmake
[1.054s] -- Up-to-date: /home/olin/github/workspace_prova/install/turtlesim/share/turtlesim/cmake/ament_cmake_export_dependencies-extras.cmake
[1.054s] -- Up-to-date: /home/olin/github/workspace_prova/install/turtlesim/share/turtlesim/cmake/ament_cmake_export_include_directories-extras.cmake
[1.054s] -- Up-to-date: /home/olin/github/workspace_prova/install/turtlesim/share/turtlesim/cmake/ament_cmake_export_libraries-extras.cmake
[1.054s] -- Up-to-date: /home/olin/github/workspace_prova/install/turtlesim/share/turtlesim/cmake/ament_cmake_export_targets-extras.cmake
[1.054s] -- Up-to-date: /home/olin/github/workspace_prova/install/turtlesim/share/turtlesim/cmake/rosidl_cmake_export_typesupport_targets-extras.cmake
[1.054s] -- Up-to-date: /home/olin/github/workspace_prova/install/turtlesim/share/turtlesim/cmake/rosidl_cmake_export_typesupport_libraries-extras.cmake
[1.054s] -- Up-to-date: /home/olin/github/workspace_prova/install/turtlesim/share/turtlesim/cmake/turtlesimConfig.cmake
[1.054s] -- Up-to-date: /home/olin/github/workspace_prova/install/turtlesim/share/turtlesim/cmake/turtlesimConfig-version.cmake
[1.054s] -- Up-to-date: /home/olin/github/workspace_prova/install/turtlesim/share/turtlesim/package.xml
[1.056s] Invoked command in '/home/olin/github/workspace_prova/build/turtlesim' returned '0': CMAKE_PREFIX_PATH=${CMAKE_PREFIX_PATH}:/home/olin/github/workspace_prova/install/cli:/home/olin/github/workspace_prova/install/move-publish:/home/olin/github/PonderadaRosTurtlesim/install/ola_mundo:/home/olin/github/PonderadaRosTurtlesim/install/draw_circle:/home/olin/github/workspace_prova/install/ola_mundo:/opt/ros/humble /usr/bin/cmake --install /home/olin/github/workspace_prova/build/turtlesim
