[0.786s] Invoking command in '/home/olin/github/workspace_prova/src/cli': PYTHONPATH=/home/olin/github/workspace_prova/build/cli/prefix_override:/home/olin/github/workspace_prova/install/cli/lib/python3.10/site-packages:${PYTHONPATH} /usr/bin/python3 -W ignore:setup.py install is deprecated setup.py egg_info --egg-base ../../build/cli build --build-base /home/olin/github/workspace_prova/build/cli/build install --record /home/olin/github/workspace_prova/build/cli/install.log --single-version-externally-managed install_data
[0.959s] running egg_info
[0.959s] writing ../../build/cli/cli.egg-info/PKG-INFO
[0.959s] writing dependency_links to ../../build/cli/cli.egg-info/dependency_links.txt
[0.960s] writing entry points to ../../build/cli/cli.egg-info/entry_points.txt
[0.960s] writing requirements to ../../build/cli/cli.egg-info/requires.txt
[0.960s] writing top-level names to ../../build/cli/cli.egg-info/top_level.txt
[0.961s] reading manifest file '../../build/cli/cli.egg-info/SOURCES.txt'
[0.962s] writing manifest file '../../build/cli/cli.egg-info/SOURCES.txt'
[0.962s] running build
[0.962s] running build_py
[0.962s] running install
[0.962s] running install_lib
[0.963s] running install_data
[0.964s] copying package.xml -> /home/olin/github/workspace_prova/install/cli/share/cli
[0.964s] running install_egg_info
[0.965s] removing '/home/olin/github/workspace_prova/install/cli/lib/python3.10/site-packages/cli-0.0.0-py3.10.egg-info' (and everything under it)
[0.965s] Copying ../../build/cli/cli.egg-info to /home/olin/github/workspace_prova/install/cli/lib/python3.10/site-packages/cli-0.0.0-py3.10.egg-info
[0.966s] running install_scripts
[0.990s] Installing cli script to /home/olin/github/workspace_prova/install/cli/lib/cli
[0.990s] writing list of installed files to '/home/olin/github/workspace_prova/build/cli/install.log'
[1.005s] Invoked command in '/home/olin/github/workspace_prova/src/cli' returned '0': PYTHONPATH=/home/olin/github/workspace_prova/build/cli/prefix_override:/home/olin/github/workspace_prova/install/cli/lib/python3.10/site-packages:${PYTHONPATH} /usr/bin/python3 -W ignore:setup.py install is deprecated setup.py egg_info --egg-base ../../build/cli build --build-base /home/olin/github/workspace_prova/build/cli/build install --record /home/olin/github/workspace_prova/build/cli/install.log --single-version-externally-managed install_data
